#
# There is insufficient memory for the Java Runtime Environment to continue.
# Native memory allocation (malloc) failed to allocate 488016 bytes for Chunk::new
# Possible reasons:
#   The system is out of physical RAM or swap space
#   The process is running with CompressedOops enabled, and the Java Heap may be blocking the growth of the native heap
# Possible solutions:
#   Reduce memory load on the system
#   Increase physical memory or swap space
#   Check if swap backing store is full
#   Decrease Java heap size (-Xmx/-Xms)
#   Decrease number of Java threads
#   Decrease Java thread stack sizes (-Xss)
#   Set larger code cache with -XX:ReservedCodeCacheSize=
#   JVM is running with Unscaled Compressed Oops mode in which the Java heap is
#     placed in the first 4GB address space. The Java Heap base address is the
#     maximum limit for the native heap growth. Please use -XX:HeapBaseMinAddress
#     to set the Java Heap base and to place the Java Heap above 4GB virtual address.
# This output file may be truncated or incomplete.
#
#  Out of Memory Error (arena.cpp:184), pid=25284, tid=13020
#
# JRE version: Java(TM) SE Runtime Environment (19.0.2+7) (build 19.0.2+7-44)
# Java VM: Java HotSpot(TM) 64-Bit Server VM (19.0.2+7-44, mixed mode, sharing, tiered, compressed oops, compressed class ptrs, g1 gc, windows-amd64)
# No core dump will be written. Minidumps are not enabled by default on client versions of Windows
#

---------------  S U M M A R Y ------------

Command Line: -javaagent:C:\Program Files\JetBrains\IntelliJ IDEA Community Edition 2023.2.2\lib\idea_rt.jar=62543:C:\Program Files\JetBrains\IntelliJ IDEA Community Edition 2023.2.2\bin -Dfile.encoding=UTF-8 -Dsun.stdout.encoding=UTF-8 -Dsun.stderr.encoding=UTF-8 com.ajay.eommerce.EommerceApplication

Host: AMD Ryzen 5 3550H with Radeon Vega Mobile Gfx  , 8 cores, 7G,  Windows 11 , 64 bit Build 22621 (10.0.22621.3374)
Time: Sat May  4 01:48:23 2024 India Standard Time elapsed time: 195.187469 seconds (0d 0h 3m 15s)

---------------  T H R E A D  ---------------

Current thread (0x000002259ef8c380):  JavaThread "C2 CompilerThread0" daemon [_thread_in_native, id=13020, stack(0x000000d22ec00000,0x000000d22ed00000)]


Current CompileTask:
C2: 195187 13493   !   4       org.apache.catalina.connector.CoyoteAdapter::postParseRequest (1142 bytes)

Stack: [0x000000d22ec00000,0x000000d22ed00000]
Native frames: (J=compiled Java code, j=interpreted, Vv=VM code, C=native code)
V  [jvm.dll+0x6ee21a]
V  [jvm.dll+0x85765e]
V  [jvm.dll+0x85904e]
V  [jvm.dll+0x859703]
V  [jvm.dll+0x28298f]
V  [jvm.dll+0xc9adf]
V  [jvm.dll+0xc9e65]
V  [jvm.dll+0x3bca12]
V  [jvm.dll+0x1edf25]
V  [jvm.dll+0x24c52b]
V  [jvm.dll+0x24b781]
V  [jvm.dll+0x1d6ce1]
V  [jvm.dll+0x25b25a]
V  [jvm.dll+0x2596e8]
V  [jvm.dll+0x807588]
V  [jvm.dll+0x80125a]
V  [jvm.dll+0x6ecf0b]
C  [ucrtbase.dll+0x29333]
C  [KERNEL32.DLL+0x1257d]
C  [ntdll.dll+0x5aa48]


---------------  P R O C E S S  ---------------

Threads class SMR info:
_java_thread_list=0x00000225a6582fb0, length=32, elements={
0x000002259ef77fd0, 0x000002259ef78dc0, 0x000002259ef7d170, 0x000002259ef7f0c0,
0x000002259ef81e10, 0x000002259ef84cc0, 0x000002259ef8c380, 0x000002259ef97960,
0x000002259ef84770, 0x000002259ef85cb0, 0x000002259ef83cd0, 0x000002259ef85210,
0x00000225a5d9bbe0, 0x00000225a5d996b0, 0x00000225a5d99c00, 0x00000225a5d9a150,
0x00000225a5d9e660, 0x00000225a5d9c130, 0x00000225a5d9ebb0, 0x00000225a5d98c10,
0x00000225a5d9f100, 0x00000225a5d9c680, 0x00000225a5d9e110, 0x00000225a5d9abf0,
0x00000225a5d9cbd0, 0x00000225a5d9d670, 0x00000225a5d9dbc0, 0x00000225a5d99160,
0x00000225a5d976d0, 0x00000225a5d97c20, 0x00000225a5d986c0, 0x000002259ef85760
}

Java Threads: ( => current thread )
  0x000002259ef77fd0 JavaThread "Reference Handler" daemon [_thread_blocked, id=16264, stack(0x000000d22e600000,0x000000d22e700000)]
  0x000002259ef78dc0 JavaThread "Finalizer" daemon [_thread_blocked, id=16244, stack(0x000000d22e700000,0x000000d22e800000)]
  0x000002259ef7d170 JavaThread "Signal Dispatcher" daemon [_thread_blocked, id=25504, stack(0x000000d22e800000,0x000000d22e900000)]
  0x000002259ef7f0c0 JavaThread "Attach Listener" daemon [_thread_blocked, id=8804, stack(0x000000d22e900000,0x000000d22ea00000)]
  0x000002259ef81e10 JavaThread "Service Thread" daemon [_thread_blocked, id=23568, stack(0x000000d22ea00000,0x000000d22eb00000)]
  0x000002259ef84cc0 JavaThread "Monitor Deflation Thread" daemon [_thread_blocked, id=13336, stack(0x000000d22eb00000,0x000000d22ec00000)]
=>0x000002259ef8c380 JavaThread "C2 CompilerThread0" daemon [_thread_in_native, id=13020, stack(0x000000d22ec00000,0x000000d22ed00000)]
  0x000002259ef97960 JavaThread "C1 CompilerThread0" daemon [_thread_blocked, id=19488, stack(0x000000d22ed00000,0x000000d22ee00000)]
  0x000002259ef84770 JavaThread "Sweeper thread" daemon [_thread_blocked, id=3484, stack(0x000000d22ee00000,0x000000d22ef00000)]
  0x000002259ef85cb0 JavaThread "Common-Cleaner" daemon [_thread_blocked, id=5980, stack(0x000000d22ef00000,0x000000d22f000000)]
  0x000002259ef83cd0 JavaThread "Monitor Ctrl-Break" daemon [_thread_in_native, id=17128, stack(0x000000d22f000000,0x000000d22f100000)]
  0x000002259ef85210 JavaThread "Notification Thread" daemon [_thread_blocked, id=13520, stack(0x000000d22f100000,0x000000d22f200000)]
  0x00000225a5d9bbe0 JavaThread "Catalina-utility-1" [_thread_blocked, id=6544, stack(0x000000d22fe00000,0x000000d22ff00000)]
  0x00000225a5d996b0 JavaThread "Catalina-utility-2" [_thread_blocked, id=24320, stack(0x000000d230000000,0x000000d230100000)]
  0x00000225a5d99c00 JavaThread "container-0" [_thread_blocked, id=13004, stack(0x000000d230100000,0x000000d230200000)]
  0x00000225a5d9a150 JavaThread "mysql-cj-abandoned-connection-cleanup" daemon [_thread_blocked, id=3872, stack(0x000000d230200000,0x000000d230300000)]
  0x00000225a5d9e660 JavaThread "HikariPool-1 housekeeper" daemon [_thread_blocked, id=10224, stack(0x000000d230400000,0x000000d230500000)]
  0x00000225a5d9c130 JavaThread "File Watcher" daemon [_thread_blocked, id=16396, stack(0x000000d230500000,0x000000d230600000)]
  0x00000225a5d9ebb0 JavaThread "Live Reload Server" daemon [_thread_in_native, id=10608, stack(0x000000d230700000,0x000000d230800000)]
  0x00000225a5d98c10 JavaThread "http-nio-5454-exec-1" daemon [_thread_blocked, id=9992, stack(0x000000d230600000,0x000000d230700000)]
  0x00000225a5d9f100 JavaThread "http-nio-5454-exec-2" daemon [_thread_blocked, id=20884, stack(0x000000d230800000,0x000000d230900000)]
  0x00000225a5d9c680 JavaThread "http-nio-5454-exec-3" daemon [_thread_blocked, id=21796, stack(0x000000d230900000,0x000000d230a00000)]
  0x00000225a5d9e110 JavaThread "http-nio-5454-exec-4" daemon [_thread_blocked, id=24156, stack(0x000000d230a00000,0x000000d230b00000)]
  0x00000225a5d9abf0 JavaThread "http-nio-5454-exec-5" daemon [_thread_blocked, id=1560, stack(0x000000d230b00000,0x000000d230c00000)]
  0x00000225a5d9cbd0 JavaThread "http-nio-5454-exec-6" daemon [_thread_blocked, id=10128, stack(0x000000d230c00000,0x000000d230d00000)]
  0x00000225a5d9d670 JavaThread "http-nio-5454-exec-7" daemon [_thread_blocked, id=8936, stack(0x000000d230d00000,0x000000d230e00000)]
  0x00000225a5d9dbc0 JavaThread "http-nio-5454-exec-8" daemon [_thread_blocked, id=2264, stack(0x000000d230e00000,0x000000d230f00000)]
  0x00000225a5d99160 JavaThread "http-nio-5454-exec-9" daemon [_thread_blocked, id=1228, stack(0x000000d230f00000,0x000000d231000000)]
  0x00000225a5d976d0 JavaThread "http-nio-5454-exec-10" daemon [_thread_blocked, id=21140, stack(0x000000d231000000,0x000000d231100000)]
  0x00000225a5d97c20 JavaThread "http-nio-5454-Poller" daemon [_thread_in_native, id=22140, stack(0x000000d231100000,0x000000d231200000)]
  0x00000225a5d986c0 JavaThread "http-nio-5454-Acceptor" daemon [_thread_in_native, id=3172, stack(0x000000d231200000,0x000000d231300000)]
  0x000002259ef85760 JavaThread "DestroyJavaVM" [_thread_blocked, id=10692, stack(0x000000d22df00000,0x000000d22e000000)]

Other Threads:
  0x000002259ef5b780 VMThread "VM Thread" [stack: 0x000000d22e500000,0x000000d22e600000] [id=24132]
  0x00000225a36008f0 WatcherThread "VM Periodic Task Thread" [stack: 0x000000d22f200000,0x000000d22f300000] [id=3456]
  0x00000225808aa7f0 WorkerThread "GC Thread#0" [stack: 0x000000d22e000000,0x000000d22e100000] [id=11752]
  0x00000225a3ebce70 WorkerThread "GC Thread#1" [stack: 0x000000d22f700000,0x000000d22f800000] [id=1256]
  0x00000225a3ebd140 WorkerThread "GC Thread#2" [stack: 0x000000d22f800000,0x000000d22f900000] [id=21472]
  0x00000225a3ef3000 WorkerThread "GC Thread#3" [stack: 0x000000d22f900000,0x000000d22fa00000] [id=7268]
  0x00000225a3ef24c0 WorkerThread "GC Thread#4" [stack: 0x000000d22fa00000,0x000000d22fb00000] [id=12476]
  0x00000225a3ef32d0 WorkerThread "GC Thread#5" [stack: 0x000000d22fb00000,0x000000d22fc00000] [id=6772]
  0x00000225a3ef35a0 WorkerThread "GC Thread#6" [stack: 0x000000d22fc00000,0x000000d22fd00000] [id=3316]
  0x00000225a3ef3870 WorkerThread "GC Thread#7" [stack: 0x000000d22fd00000,0x000000d22fe00000] [id=3028]
  0x00000225808bc340 ConcurrentGCThread "G1 Main Marker" [stack: 0x000000d22e100000,0x000000d22e200000] [id=12104]
  0x00000225808bd510 WorkerThread "G1 Conc#0" [stack: 0x000000d22e200000,0x000000d22e300000] [id=20644]
  0x00000225a3ef2d30 WorkerThread "G1 Conc#1" [stack: 0x000000d22f400000,0x000000d22f500000] [id=11816]
  0x00000225808fe3e0 ConcurrentGCThread "G1 Refine#0" [stack: 0x000000d22e300000,0x000000d22e400000] [id=9052]
  0x000002259ee14170 ConcurrentGCThread "G1 Service" [stack: 0x000000d22e400000,0x000000d22e500000] [id=11268]

Threads with active compile tasks:
C2 CompilerThread0   195245 13493   !   4       org.apache.catalina.connector.CoyoteAdapter::postParseRequest (1142 bytes)

VM state: not at safepoint (normal execution)

VM Mutex/Monitor currently owned by a thread: None

Heap address: 0x0000000082e00000, size: 2002 MB, Compressed Oops mode: 32-bit

CDS archive(s) mapped at: [0x0000000800000000-0x0000000800c40000-0x0000000800c40000), size 12845056, SharedBaseAddress: 0x0000000800000000, ArchiveRelocationMode: 0.
Compressed class space mapped at: 0x0000000801000000-0x0000000841000000, reserved size: 1073741824
Narrow klass base: 0x0000000800000000, Narrow klass shift: 0, Narrow klass range: 0x100000000

GC Precious Log:
 CardTable entry size: 512
 Card Set container configuration: InlinePtr #cards 5 size 8 Array Of Cards #cards 12 size 40 Howl #buckets 4 coarsen threshold 1843 Howl Bitmap #cards 512 size 80 coarsen threshold 460 Card regions per heap region 1 cards per card region 2048
 CPUs: 8 total, 8 available
 Memory: 8001M
 Large Page Support: Disabled
 NUMA Support: Disabled
 Compressed Oops: Enabled (32-bit)
 Heap Region Size: 1M
 Heap Min Capacity: 8M
 Heap Initial Capacity: 126M
 Heap Max Capacity: 2002M
 Pre-touch: Disabled
 Parallel Workers: 8
 Concurrent Workers: 2
 Concurrent Refinement Workers: 8
 Periodic GC: Disabled

Heap:
 garbage-first heap   total 122880K, used 90749K [0x0000000082e00000, 0x0000000100000000)
  region size 1024K, 51 young (52224K), 1 survivors (1024K)
 Metaspace       used 87355K, committed 88128K, reserved 1179648K
  class space    used 11332K, committed 11712K, reserved 1048576K

Heap Regions: E=young(eden), S=young(survivor), O=old, HS=humongous(starts), HC=humongous(continues), CS=collection set, F=free, OA=open archive, CA=closed archive, TAMS=top-at-mark-start (previous, next)
|   0|0x0000000082e00000, 0x0000000082f00000, 0x0000000082f00000|100%|HS|  |TAMS 0x0000000082f00000, 0x0000000082e00000| Complete 
|   1|0x0000000082f00000, 0x0000000083000000, 0x0000000083000000|100%| O|  |TAMS 0x0000000083000000, 0x0000000082f00000| Untracked 
|   2|0x0000000083000000, 0x0000000083100000, 0x0000000083100000|100%| O|  |TAMS 0x0000000083100000, 0x0000000083000000| Untracked 
|   3|0x0000000083100000, 0x0000000083200000, 0x0000000083200000|100%| O|  |TAMS 0x0000000083200000, 0x0000000083100000| Untracked 
|   4|0x0000000083200000, 0x0000000083300000, 0x0000000083300000|100%| O|  |TAMS 0x0000000083300000, 0x0000000083200000| Untracked 
|   5|0x0000000083300000, 0x0000000083400000, 0x0000000083400000|100%| O|  |TAMS 0x0000000083400000, 0x0000000083300000| Untracked 
|   6|0x0000000083400000, 0x00000000834ff600, 0x0000000083500000| 99%| O|  |TAMS 0x00000000834ff600, 0x0000000083400000| Untracked 
|   7|0x0000000083500000, 0x0000000083600000, 0x0000000083600000|100%| O|  |TAMS 0x0000000083600000, 0x0000000083500000| Untracked 
|   8|0x0000000083600000, 0x0000000083700000, 0x0000000083700000|100%| O|  |TAMS 0x0000000083700000, 0x0000000083600000| Untracked 
|   9|0x0000000083700000, 0x0000000083800000, 0x0000000083800000|100%| O|  |TAMS 0x0000000083800000, 0x0000000083700000| Untracked 
|  10|0x0000000083800000, 0x0000000083900000, 0x0000000083900000|100%| O|  |TAMS 0x0000000083900000, 0x0000000083800000| Untracked 
|  11|0x0000000083900000, 0x0000000083a00000, 0x0000000083a00000|100%| O|  |TAMS 0x0000000083900000, 0x0000000083900000| Untracked 
|  12|0x0000000083a00000, 0x0000000083b00000, 0x0000000083b00000|100%| O|  |TAMS 0x0000000083b00000, 0x0000000083a00000| Untracked 
|  13|0x0000000083b00000, 0x0000000083c00000, 0x0000000083c00000|100%| O|  |TAMS 0x0000000083c00000, 0x0000000083b00000| Untracked 
|  14|0x0000000083c00000, 0x0000000083d00000, 0x0000000083d00000|100%| O|  |TAMS 0x0000000083c00000, 0x0000000083c00000| Untracked 
|  15|0x0000000083d00000, 0x0000000083e00000, 0x0000000083e00000|100%| O|  |TAMS 0x0000000083e00000, 0x0000000083d00000| Untracked 
|  16|0x0000000083e00000, 0x0000000083f00000, 0x0000000083f00000|100%| O|  |TAMS 0x0000000083f00000, 0x0000000083e00000| Untracked 
|  17|0x0000000083f00000, 0x0000000084000000, 0x0000000084000000|100%| O|  |TAMS 0x0000000084000000, 0x0000000083f00000| Untracked 
|  18|0x0000000084000000, 0x0000000084100000, 0x0000000084100000|100%| O|  |TAMS 0x0000000084100000, 0x0000000084000000| Untracked 
|  19|0x0000000084100000, 0x0000000084200000, 0x0000000084200000|100%| O|  |TAMS 0x00000000841ad800, 0x0000000084100000| Untracked 
|  20|0x0000000084200000, 0x0000000084300000, 0x0000000084300000|100%| O|  |TAMS 0x0000000084200000, 0x0000000084200000| Untracked 
|  21|0x0000000084300000, 0x0000000084400000, 0x0000000084400000|100%| O|  |TAMS 0x0000000084300000, 0x0000000084300000| Untracked 
|  22|0x0000000084400000, 0x0000000084500000, 0x0000000084500000|100%| O|  |TAMS 0x0000000084400000, 0x0000000084400000| Untracked 
|  23|0x0000000084500000, 0x0000000084600000, 0x0000000084600000|100%| O|  |TAMS 0x0000000084500000, 0x0000000084500000| Untracked 
|  24|0x0000000084600000, 0x0000000084700000, 0x0000000084700000|100%| O|  |TAMS 0x0000000084600000, 0x0000000084600000| Untracked 
|  25|0x0000000084700000, 0x0000000084800000, 0x0000000084800000|100%| O|  |TAMS 0x0000000084700000, 0x0000000084700000| Untracked 
|  26|0x0000000084800000, 0x0000000084900000, 0x0000000084900000|100%| O|  |TAMS 0x0000000084800000, 0x0000000084800000| Untracked 
|  27|0x0000000084900000, 0x0000000084a00000, 0x0000000084a00000|100%| O|  |TAMS 0x0000000084900000, 0x0000000084900000| Untracked 
|  28|0x0000000084a00000, 0x0000000084b00000, 0x0000000084b00000|100%| O|  |TAMS 0x0000000084a00000, 0x0000000084a00000| Untracked 
|  29|0x0000000084b00000, 0x0000000084c00000, 0x0000000084c00000|100%| O|  |TAMS 0x0000000084b00000, 0x0000000084b00000| Untracked 
|  30|0x0000000084c00000, 0x0000000084d00000, 0x0000000084d00000|100%| O|  |TAMS 0x0000000084c00000, 0x0000000084c00000| Untracked 
|  31|0x0000000084d00000, 0x0000000084e00000, 0x0000000084e00000|100%| O|  |TAMS 0x0000000084d00000, 0x0000000084d00000| Untracked 
|  32|0x0000000084e00000, 0x0000000084f00000, 0x0000000084f00000|100%| O|  |TAMS 0x0000000084e00000, 0x0000000084e00000| Untracked 
|  33|0x0000000084f00000, 0x0000000085000000, 0x0000000085000000|100%| O|  |TAMS 0x0000000084f00000, 0x0000000084f00000| Untracked 
|  34|0x0000000085000000, 0x0000000085100000, 0x0000000085100000|100%| O|  |TAMS 0x0000000085000000, 0x0000000085000000| Untracked 
|  35|0x0000000085100000, 0x0000000085200000, 0x0000000085200000|100%| O|  |TAMS 0x0000000085100000, 0x0000000085100000| Untracked 
|  36|0x0000000085200000, 0x0000000085300000, 0x0000000085300000|100%| O|  |TAMS 0x0000000085200000, 0x0000000085200000| Untracked 
|  37|0x0000000085300000, 0x0000000085381800, 0x0000000085400000| 50%| O|  |TAMS 0x0000000085300000, 0x0000000085300000| Untracked 
|  38|0x0000000085400000, 0x0000000085400000, 0x0000000085500000|  0%| F|  |TAMS 0x0000000085400000, 0x0000000085400000| Untracked 
|  39|0x0000000085500000, 0x0000000085500000, 0x0000000085600000|  0%| F|  |TAMS 0x0000000085500000, 0x0000000085500000| Untracked 
|  40|0x0000000085600000, 0x0000000085600000, 0x0000000085700000|  0%| F|  |TAMS 0x0000000085600000, 0x0000000085600000| Untracked 
|  41|0x0000000085700000, 0x0000000085700000, 0x0000000085800000|  0%| F|  |TAMS 0x0000000085700000, 0x0000000085700000| Untracked 
|  42|0x0000000085800000, 0x0000000085800000, 0x0000000085900000|  0%| F|  |TAMS 0x0000000085800000, 0x0000000085800000| Untracked 
|  43|0x0000000085900000, 0x0000000085900000, 0x0000000085a00000|  0%| F|  |TAMS 0x0000000085900000, 0x0000000085900000| Untracked 
|  44|0x0000000085a00000, 0x0000000085a00000, 0x0000000085b00000|  0%| F|  |TAMS 0x0000000085a00000, 0x0000000085a00000| Untracked 
|  45|0x0000000085b00000, 0x0000000085b00000, 0x0000000085c00000|  0%| F|  |TAMS 0x0000000085b00000, 0x0000000085b00000| Untracked 
|  46|0x0000000085c00000, 0x0000000085c00000, 0x0000000085d00000|  0%| F|  |TAMS 0x0000000085c00000, 0x0000000085c00000| Untracked 
|  47|0x0000000085d00000, 0x0000000085d00000, 0x0000000085e00000|  0%| F|  |TAMS 0x0000000085d00000, 0x0000000085d00000| Untracked 
|  48|0x0000000085e00000, 0x0000000085e00000, 0x0000000085f00000|  0%| F|  |TAMS 0x0000000085e00000, 0x0000000085e00000| Untracked 
|  49|0x0000000085f00000, 0x0000000085f00000, 0x0000000086000000|  0%| F|  |TAMS 0x0000000085f00000, 0x0000000085f00000| Untracked 
|  50|0x0000000086000000, 0x0000000086000000, 0x0000000086100000|  0%| F|  |TAMS 0x0000000086000000, 0x0000000086000000| Untracked 
|  51|0x0000000086100000, 0x000000008611e6f0, 0x0000000086200000| 11%| S|CS|TAMS 0x0000000086100000, 0x0000000086100000| Complete 
|  52|0x0000000086200000, 0x0000000086200000, 0x0000000086300000|  0%| F|  |TAMS 0x0000000086200000, 0x0000000086200000| Untracked 
|  53|0x0000000086300000, 0x0000000086300000, 0x0000000086400000|  0%| F|  |TAMS 0x0000000086300000, 0x0000000086300000| Untracked 
|  54|0x0000000086400000, 0x0000000086400000, 0x0000000086500000|  0%| F|  |TAMS 0x0000000086400000, 0x0000000086400000| Untracked 
|  55|0x0000000086500000, 0x0000000086500000, 0x0000000086600000|  0%| F|  |TAMS 0x0000000086500000, 0x0000000086500000| Untracked 
|  56|0x0000000086600000, 0x0000000086600000, 0x0000000086700000|  0%| F|  |TAMS 0x0000000086600000, 0x0000000086600000| Untracked 
|  57|0x0000000086700000, 0x0000000086700000, 0x0000000086800000|  0%| F|  |TAMS 0x0000000086700000, 0x0000000086700000| Untracked 
|  58|0x0000000086800000, 0x0000000086800000, 0x0000000086900000|  0%| F|  |TAMS 0x0000000086800000, 0x0000000086800000| Untracked 
|  59|0x0000000086900000, 0x0000000086900000, 0x0000000086a00000|  0%| F|  |TAMS 0x0000000086900000, 0x0000000086900000| Untracked 
|  60|0x0000000086a00000, 0x0000000086a00000, 0x0000000086b00000|  0%| F|  |TAMS 0x0000000086a00000, 0x0000000086a00000| Untracked 
|  61|0x0000000086b00000, 0x0000000086b00000, 0x0000000086c00000|  0%| F|  |TAMS 0x0000000086b00000, 0x0000000086b00000| Untracked 
|  62|0x0000000086c00000, 0x0000000086c00000, 0x0000000086d00000|  0%| F|  |TAMS 0x0000000086c00000, 0x0000000086c00000| Untracked 
|  63|0x0000000086d00000, 0x0000000086d00000, 0x0000000086e00000|  0%| F|  |TAMS 0x0000000086d00000, 0x0000000086d00000| Untracked 
|  64|0x0000000086e00000, 0x0000000086e00000, 0x0000000086f00000|  0%| F|  |TAMS 0x0000000086e00000, 0x0000000086e00000| Untracked 
|  65|0x0000000086f00000, 0x0000000086f00000, 0x0000000087000000|  0%| F|  |TAMS 0x0000000086f00000, 0x0000000086f00000| Untracked 
|  66|0x0000000087000000, 0x0000000087000000, 0x0000000087100000|  0%| F|  |TAMS 0x0000000087000000, 0x0000000087000000| Untracked 
|  67|0x0000000087100000, 0x000000008715af58, 0x0000000087200000| 35%| E|  |TAMS 0x0000000087100000, 0x0000000087100000| Complete 
|  68|0x0000000087200000, 0x0000000087300000, 0x0000000087300000|100%| E|CS|TAMS 0x0000000087200000, 0x0000000087200000| Complete 
|  69|0x0000000087300000, 0x0000000087400000, 0x0000000087400000|100%| E|CS|TAMS 0x0000000087300000, 0x0000000087300000| Complete 
|  70|0x0000000087400000, 0x0000000087500000, 0x0000000087500000|100%| E|CS|TAMS 0x0000000087400000, 0x0000000087400000| Complete 
|  71|0x0000000087500000, 0x0000000087600000, 0x0000000087600000|100%| E|CS|TAMS 0x0000000087500000, 0x0000000087500000| Complete 
|  72|0x0000000087600000, 0x0000000087700000, 0x0000000087700000|100%| E|CS|TAMS 0x0000000087600000, 0x0000000087600000| Complete 
|  73|0x0000000087700000, 0x0000000087800000, 0x0000000087800000|100%| E|CS|TAMS 0x0000000087700000, 0x0000000087700000| Complete 
|  74|0x0000000087800000, 0x0000000087900000, 0x0000000087900000|100%| E|CS|TAMS 0x0000000087800000, 0x0000000087800000| Complete 
|  75|0x0000000087900000, 0x0000000087a00000, 0x0000000087a00000|100%| E|CS|TAMS 0x0000000087900000, 0x0000000087900000| Complete 
|  76|0x0000000087a00000, 0x0000000087b00000, 0x0000000087b00000|100%| E|CS|TAMS 0x0000000087a00000, 0x0000000087a00000| Complete 
|  77|0x0000000087b00000, 0x0000000087c00000, 0x0000000087c00000|100%| E|CS|TAMS 0x0000000087b00000, 0x0000000087b00000| Complete 
|  78|0x0000000087c00000, 0x0000000087d00000, 0x0000000087d00000|100%| E|CS|TAMS 0x0000000087c00000, 0x0000000087c00000| Complete 
|  79|0x0000000087d00000, 0x0000000087e00000, 0x0000000087e00000|100%| E|CS|TAMS 0x0000000087d00000, 0x0000000087d00000| Complete 
|  80|0x0000000087e00000, 0x0000000087f00000, 0x0000000087f00000|100%| E|CS|TAMS 0x0000000087e00000, 0x0000000087e00000| Complete 
|  81|0x0000000087f00000, 0x0000000088000000, 0x0000000088000000|100%| E|CS|TAMS 0x0000000087f00000, 0x0000000087f00000| Complete 
|  82|0x0000000088000000, 0x0000000088100000, 0x0000000088100000|100%| E|CS|TAMS 0x0000000088000000, 0x0000000088000000| Complete 
|  83|0x0000000088100000, 0x0000000088200000, 0x0000000088200000|100%| E|CS|TAMS 0x0000000088100000, 0x0000000088100000| Complete 
|  84|0x0000000088200000, 0x0000000088300000, 0x0000000088300000|100%| E|CS|TAMS 0x0000000088200000, 0x0000000088200000| Complete 
|  85|0x0000000088300000, 0x0000000088400000, 0x0000000088400000|100%| E|CS|TAMS 0x0000000088300000, 0x0000000088300000| Complete 
|  86|0x0000000088400000, 0x0000000088500000, 0x0000000088500000|100%| E|CS|TAMS 0x0000000088400000, 0x0000000088400000| Complete 
|  87|0x0000000088500000, 0x0000000088600000, 0x0000000088600000|100%| E|  |TAMS 0x0000000088500000, 0x0000000088500000| Complete 
|  88|0x0000000088600000, 0x0000000088700000, 0x0000000088700000|100%| E|CS|TAMS 0x0000000088600000, 0x0000000088600000| Complete 
|  89|0x0000000088700000, 0x0000000088800000, 0x0000000088800000|100%| E|CS|TAMS 0x0000000088700000, 0x0000000088700000| Complete 
|  90|0x0000000088800000, 0x0000000088900000, 0x0000000088900000|100%| E|CS|TAMS 0x0000000088800000, 0x0000000088800000| Complete 
|  91|0x0000000088900000, 0x0000000088a00000, 0x0000000088a00000|100%| E|CS|TAMS 0x0000000088900000, 0x0000000088900000| Complete 
|  92|0x0000000088a00000, 0x0000000088b00000, 0x0000000088b00000|100%| E|CS|TAMS 0x0000000088a00000, 0x0000000088a00000| Complete 
|  93|0x0000000088b00000, 0x0000000088c00000, 0x0000000088c00000|100%| E|CS|TAMS 0x0000000088b00000, 0x0000000088b00000| Complete 
|  94|0x0000000088c00000, 0x0000000088d00000, 0x0000000088d00000|100%| E|CS|TAMS 0x0000000088c00000, 0x0000000088c00000| Complete 
|  95|0x0000000088d00000, 0x0000000088e00000, 0x0000000088e00000|100%| E|CS|TAMS 0x0000000088d00000, 0x0000000088d00000| Complete 
|  96|0x0000000088e00000, 0x0000000088f00000, 0x0000000088f00000|100%| E|CS|TAMS 0x0000000088e00000, 0x0000000088e00000| Complete 
|  97|0x0000000088f00000, 0x0000000089000000, 0x0000000089000000|100%| E|CS|TAMS 0x0000000088f00000, 0x0000000088f00000| Complete 
|  98|0x0000000089000000, 0x0000000089100000, 0x0000000089100000|100%| E|CS|TAMS 0x0000000089000000, 0x0000000089000000| Complete 
|  99|0x0000000089100000, 0x0000000089200000, 0x0000000089200000|100%| E|CS|TAMS 0x0000000089100000, 0x0000000089100000| Complete 
| 100|0x0000000089200000, 0x0000000089300000, 0x0000000089300000|100%| E|CS|TAMS 0x0000000089200000, 0x0000000089200000| Complete 
| 101|0x0000000089300000, 0x0000000089400000, 0x0000000089400000|100%| E|CS|TAMS 0x0000000089300000, 0x0000000089300000| Complete 
| 102|0x0000000089400000, 0x0000000089500000, 0x0000000089500000|100%| E|CS|TAMS 0x0000000089400000, 0x0000000089400000| Complete 
| 103|0x0000000089500000, 0x0000000089600000, 0x0000000089600000|100%| E|CS|TAMS 0x0000000089500000, 0x0000000089500000| Complete 
| 104|0x0000000089600000, 0x0000000089700000, 0x0000000089700000|100%| E|CS|TAMS 0x0000000089600000, 0x0000000089600000| Complete 
| 105|0x0000000089700000, 0x0000000089800000, 0x0000000089800000|100%| E|CS|TAMS 0x0000000089700000, 0x0000000089700000| Complete 
| 106|0x0000000089800000, 0x0000000089900000, 0x0000000089900000|100%| E|CS|TAMS 0x0000000089800000, 0x0000000089800000| Complete 
| 107|0x0000000089900000, 0x0000000089a00000, 0x0000000089a00000|100%| E|CS|TAMS 0x0000000089900000, 0x0000000089900000| Complete 
| 108|0x0000000089a00000, 0x0000000089b00000, 0x0000000089b00000|100%| E|CS|TAMS 0x0000000089a00000, 0x0000000089a00000| Complete 
| 109|0x0000000089b00000, 0x0000000089c00000, 0x0000000089c00000|100%| E|CS|TAMS 0x0000000089b00000, 0x0000000089b00000| Complete 
| 110|0x0000000089c00000, 0x0000000089d00000, 0x0000000089d00000|100%| E|CS|TAMS 0x0000000089c00000, 0x0000000089c00000| Complete 
| 111|0x0000000089d00000, 0x0000000089e00000, 0x0000000089e00000|100%| E|CS|TAMS 0x0000000089d00000, 0x0000000089d00000| Complete 
| 112|0x0000000089e00000, 0x0000000089f00000, 0x0000000089f00000|100%| E|CS|TAMS 0x0000000089e00000, 0x0000000089e00000| Complete 
| 113|0x0000000089f00000, 0x000000008a000000, 0x000000008a000000|100%| E|CS|TAMS 0x0000000089f00000, 0x0000000089f00000| Complete 
| 114|0x000000008a000000, 0x000000008a100000, 0x000000008a100000|100%| E|CS|TAMS 0x000000008a000000, 0x000000008a000000| Complete 
| 115|0x000000008a100000, 0x000000008a200000, 0x000000008a200000|100%| E|CS|TAMS 0x000000008a100000, 0x000000008a100000| Complete 
| 125|0x000000008ab00000, 0x000000008ac00000, 0x000000008ac00000|100%| E|CS|TAMS 0x000000008ab00000, 0x000000008ab00000| Complete 
|1999|0x00000000ffd00000, 0x00000000ffe00000, 0x00000000ffe00000|100%| O|  |TAMS 0x00000000ffe00000, 0x00000000ffd00000| Untracked 
|2000|0x00000000ffe00000, 0x00000000fff00000, 0x00000000fff00000|100%| O|  |TAMS 0x00000000fff00000, 0x00000000ffe00000| Untracked 
|2001|0x00000000fff00000, 0x0000000100000000, 0x0000000100000000|100%| O|  |TAMS 0x0000000100000000, 0x00000000fff00000| Untracked 

Card table byte_map: [0x0000022597ec0000,0x00000225982b0000] _byte_map_base: 0x0000022597aa9000

Marking Bits (Prev, Next): (CMBitMap*) 0x00000225808aae60, (CMBitMap*) 0x00000225808aae20
 Prev Bits: [0x000002259a5f0000, 0x000002259c538000)
 Next Bits: [0x00000225986a0000, 0x000002259a5e8000)

Polling page: 0x0000022580000000

Metaspace:

Usage:
  Non-class:     74.24 MB used.
      Class:     11.07 MB used.
       Both:     85.31 MB used.

Virtual space:
  Non-class space:      128.00 MB reserved,      74.62 MB ( 58%) committed,  2 nodes.
      Class space:        1.00 GB reserved,      11.44 MB (  1%) committed,  1 nodes.
             Both:        1.12 GB reserved,      86.06 MB (  7%) committed. 

Chunk freelists:
   Non-Class:  1.14 MB
       Class:  552.00 KB
        Both:  1.68 MB

MaxMetaspaceSize: unlimited
CompressedClassSpaceSize: 1.00 GB
Initial GC threshold: 21.00 MB
Current GC threshold: 99.06 MB
CDS: on
MetaspaceReclaimPolicy: balanced
 - commit_granule_bytes: 65536.
 - commit_granule_words: 8192.
 - virtual_space_node_default_size: 8388608.
 - enlarge_chunks_in_place: 1.
 - new_chunks_are_fully_committed: 0.
 - uncommit_free_chunks: 1.
 - use_allocation_guard: 0.


Internal statistics:

num_allocs_failed_limit: 9.
num_arena_births: 1164.
num_arena_deaths: 0.
num_vsnodes_births: 3.
num_vsnodes_deaths: 0.
num_space_committed: 1377.
num_space_uncommitted: 0.
num_chunks_returned_to_freelist: 9.
num_chunks_taken_from_freelist: 4204.
num_chunk_merges: 9.
num_chunk_splits: 3106.
num_chunks_enlarged: 2517.
num_inconsistent_stats: 0.

CodeHeap 'non-profiled nmethods': size=120000Kb used=11060Kb max_used=11060Kb free=108940Kb
 bounds [0x0000022590270000, 0x0000022590d40000, 0x00000225977a0000]
CodeHeap 'profiled nmethods': size=120000Kb used=17803Kb max_used=23353Kb free=102196Kb
 bounds [0x00000225887a0000, 0x0000022589e70000, 0x000002258fcd0000]
CodeHeap 'non-nmethods': size=5760Kb used=1507Kb max_used=1583Kb free=4252Kb
 bounds [0x000002258fcd0000, 0x000002258ff40000, 0x0000022590270000]
 total_blobs=11349 nmethods=10580 adapters=677
 compilation: enabled
              stopped_count=0, restarted_count=0
 full_count=0

Compilation events (20 events):
Event: 192.197 Thread 0x000002259ef8c380 nmethod 13481 0x0000022590d33b10 code [0x0000022590d34000, 0x0000022590d36808]
Event: 192.197 Thread 0x000002259ef8c380 13478   !   4       org.apache.catalina.core.StandardContext::fireRequestDestroyEvent (154 bytes)
Event: 192.201 Thread 0x000002259ef8c380 nmethod 13478 0x0000022590d39390 code [0x0000022590d39520, 0x0000022590d396f8]
Event: 192.201 Thread 0x000002259ef8c380 13477       4       org.springframework.web.cors.CorsConfiguration::checkHttpMethod (40 bytes)
Event: 192.203 Thread 0x000002259ef8c380 nmethod 13477 0x0000022590d39890 code [0x0000022590d39a20, 0x0000022590d39b38]
Event: 192.203 Thread 0x000002259ef8c380 13479       4       org.springframework.security.web.header.writers.HstsHeaderWriter::writeHeaders (68 bytes)
Event: 192.208 Thread 0x000002259ef8c380 nmethod 13479 0x0000022590d39c10 code [0x0000022590d39de0, 0x0000022590d3a088]
Event: 192.208 Thread 0x000002259ef8c380 13487       4       org.apache.catalina.core.ApplicationDispatcher$State::<init> (55 bytes)
Event: 192.213 Thread 0x000002259ef8c380 nmethod 13487 0x0000022590d3a490 code [0x0000022590d3a620, 0x0000022590d3aa18]
Event: 192.213 Thread 0x000002259ef8c380 13488   !   4       org.apache.coyote.http11.filters.ChunkedOutputFilter::end (330 bytes)
Event: 192.217 Thread 0x000002259ef8c380 nmethod 13488 0x0000022590d3aa90 code [0x0000022590d3ac60, 0x0000022590d3aed8]
Event: 192.217 Thread 0x000002259ef8c380 13489       4       org.springframework.web.servlet.mvc.method.annotation.HttpEntityMethodProcessor::supportsReturnType (47 bytes)
Event: 192.219 Thread 0x000002259ef8c380 nmethod 13489 0x0000022590d3b290 code [0x0000022590d3b420, 0x0000022590d3b538]
Event: 192.232 Thread 0x000002259ef8c380 13490       4       org.apache.tomcat.util.threads.ThreadPoolExecutor::afterExecute (24 bytes)
Event: 192.235 Thread 0x000002259ef8c380 nmethod 13490 0x0000022590d3b690 code [0x0000022590d3b820, 0x0000022590d3b998]
Event: 192.257 Thread 0x000002259ef8c380 13491       4       jakarta.servlet.ServletRequestWrapper::isAsyncStarted (10 bytes)
Event: 192.258 Thread 0x000002259ef8c380 nmethod 13491 0x0000022590d3bb90 code [0x0000022590d3bd20, 0x0000022590d3bdf8]
Event: 194.822 Thread 0x000002259ef8c380 13492       4       org.springframework.web.cors.DefaultCorsProcessor::getHeadersToUse (30 bytes)
Event: 194.836 Thread 0x000002259ef8c380 nmethod 13492 0x0000022590d3bf10 code [0x0000022590d3c100, 0x0000022590d3cb88]
Event: 195.035 Thread 0x000002259ef8c380 13493   !   4       org.apache.catalina.connector.CoyoteAdapter::postParseRequest (1142 bytes)

GC Heap History (20 events):
Event: 188.500 GC heap before
{Heap before GC invocations=61 (full 0):
 garbage-first heap   total 122880K, used 107102K [0x0000000082e00000, 0x0000000100000000)
  region size 1024K, 66 young (67584K), 1 survivors (1024K)
 Metaspace       used 87354K, committed 88128K, reserved 1179648K
  class space    used 11331K, committed 11712K, reserved 1048576K
}
Event: 188.501 GC heap after
{Heap after GC invocations=62 (full 0):
 garbage-first heap   total 122880K, used 41589K [0x0000000082e00000, 0x0000000100000000)
  region size 1024K, 1 young (1024K), 1 survivors (1024K)
 Metaspace       used 87354K, committed 88128K, reserved 1179648K
  class space    used 11331K, committed 11712K, reserved 1048576K
}
Event: 189.211 GC heap before
{Heap before GC invocations=62 (full 0):
 garbage-first heap   total 122880K, used 107125K [0x0000000082e00000, 0x0000000100000000)
  region size 1024K, 66 young (67584K), 1 survivors (1024K)
 Metaspace       used 87354K, committed 88128K, reserved 1179648K
  class space    used 11331K, committed 11712K, reserved 1048576K
}
Event: 189.213 GC heap after
{Heap after GC invocations=63 (full 0):
 garbage-first heap   total 122880K, used 41580K [0x0000000082e00000, 0x0000000100000000)
  region size 1024K, 1 young (1024K), 1 survivors (1024K)
 Metaspace       used 87354K, committed 88128K, reserved 1179648K
  class space    used 11331K, committed 11712K, reserved 1048576K
}
Event: 189.907 GC heap before
{Heap before GC invocations=63 (full 0):
 garbage-first heap   total 122880K, used 107116K [0x0000000082e00000, 0x0000000100000000)
  region size 1024K, 66 young (67584K), 1 survivors (1024K)
 Metaspace       used 87354K, committed 88128K, reserved 1179648K
  class space    used 11331K, committed 11712K, reserved 1048576K
}
Event: 189.908 GC heap after
{Heap after GC invocations=64 (full 0):
 garbage-first heap   total 122880K, used 41645K [0x0000000082e00000, 0x0000000100000000)
  region size 1024K, 1 young (1024K), 1 survivors (1024K)
 Metaspace       used 87354K, committed 88128K, reserved 1179648K
  class space    used 11331K, committed 11712K, reserved 1048576K
}
Event: 190.562 GC heap before
{Heap before GC invocations=64 (full 0):
 garbage-first heap   total 122880K, used 107181K [0x0000000082e00000, 0x0000000100000000)
  region size 1024K, 66 young (67584K), 1 survivors (1024K)
 Metaspace       used 87354K, committed 88128K, reserved 1179648K
  class space    used 11331K, committed 11712K, reserved 1048576K
}
Event: 190.563 GC heap after
{Heap after GC invocations=65 (full 0):
 garbage-first heap   total 122880K, used 41651K [0x0000000082e00000, 0x0000000100000000)
  region size 1024K, 1 young (1024K), 1 survivors (1024K)
 Metaspace       used 87354K, committed 88128K, reserved 1179648K
  class space    used 11331K, committed 11712K, reserved 1048576K
}
Event: 191.421 GC heap before
{Heap before GC invocations=65 (full 0):
 garbage-first heap   total 122880K, used 107187K [0x0000000082e00000, 0x0000000100000000)
  region size 1024K, 66 young (67584K), 1 survivors (1024K)
 Metaspace       used 87354K, committed 88128K, reserved 1179648K
  class space    used 11331K, committed 11712K, reserved 1048576K
}
Event: 191.422 GC heap after
{Heap after GC invocations=66 (full 0):
 garbage-first heap   total 122880K, used 41682K [0x0000000082e00000, 0x0000000100000000)
  region size 1024K, 1 young (1024K), 1 survivors (1024K)
 Metaspace       used 87354K, committed 88128K, reserved 1179648K
  class space    used 11331K, committed 11712K, reserved 1048576K
}
Event: 192.280 GC heap before
{Heap before GC invocations=66 (full 0):
 garbage-first heap   total 122880K, used 107218K [0x0000000082e00000, 0x0000000100000000)
  region size 1024K, 66 young (67584K), 1 survivors (1024K)
 Metaspace       used 87354K, committed 88128K, reserved 1179648K
  class space    used 11331K, committed 11712K, reserved 1048576K
}
Event: 192.282 GC heap after
{Heap after GC invocations=67 (full 0):
 garbage-first heap   total 122880K, used 41674K [0x0000000082e00000, 0x0000000100000000)
  region size 1024K, 1 young (1024K), 1 survivors (1024K)
 Metaspace       used 87354K, committed 88128K, reserved 1179648K
  class space    used 11331K, committed 11712K, reserved 1048576K
}
Event: 192.931 GC heap before
{Heap before GC invocations=67 (full 0):
 garbage-first heap   total 122880K, used 107210K [0x0000000082e00000, 0x0000000100000000)
  region size 1024K, 66 young (67584K), 1 survivors (1024K)
 Metaspace       used 87354K, committed 88128K, reserved 1179648K
  class space    used 11331K, committed 11712K, reserved 1048576K
}
Event: 192.933 GC heap after
{Heap after GC invocations=68 (full 0):
 garbage-first heap   total 122880K, used 41691K [0x0000000082e00000, 0x0000000100000000)
  region size 1024K, 1 young (1024K), 1 survivors (1024K)
 Metaspace       used 87354K, committed 88128K, reserved 1179648K
  class space    used 11331K, committed 11712K, reserved 1048576K
}
Event: 193.682 GC heap before
{Heap before GC invocations=68 (full 0):
 garbage-first heap   total 122880K, used 107227K [0x0000000082e00000, 0x0000000100000000)
  region size 1024K, 66 young (67584K), 1 survivors (1024K)
 Metaspace       used 87354K, committed 88128K, reserved 1179648K
  class space    used 11331K, committed 11712K, reserved 1048576K
}
Event: 193.683 GC heap after
{Heap after GC invocations=69 (full 0):
 garbage-first heap   total 122880K, used 41581K [0x0000000082e00000, 0x0000000100000000)
  region size 1024K, 1 young (1024K), 1 survivors (1024K)
 Metaspace       used 87354K, committed 88128K, reserved 1179648K
  class space    used 11331K, committed 11712K, reserved 1048576K
}
Event: 194.390 GC heap before
{Heap before GC invocations=69 (full 0):
 garbage-first heap   total 122880K, used 107117K [0x0000000082e00000, 0x0000000100000000)
  region size 1024K, 66 young (67584K), 1 survivors (1024K)
 Metaspace       used 87354K, committed 88128K, reserved 1179648K
  class space    used 11331K, committed 11712K, reserved 1048576K
}
Event: 194.391 GC heap after
{Heap after GC invocations=70 (full 0):
 garbage-first heap   total 122880K, used 41690K [0x0000000082e00000, 0x0000000100000000)
  region size 1024K, 1 young (1024K), 1 survivors (1024K)
 Metaspace       used 87354K, committed 88128K, reserved 1179648K
  class space    used 11331K, committed 11712K, reserved 1048576K
}
Event: 194.847 GC heap before
{Heap before GC invocations=70 (full 0):
 garbage-first heap   total 122880K, used 107226K [0x0000000082e00000, 0x0000000100000000)
  region size 1024K, 66 young (67584K), 1 survivors (1024K)
 Metaspace       used 87354K, committed 88128K, reserved 1179648K
  class space    used 11331K, committed 11712K, reserved 1048576K
}
Event: 194.848 GC heap after
{Heap after GC invocations=71 (full 0):
 garbage-first heap   total 122880K, used 41597K [0x0000000082e00000, 0x0000000100000000)
  region size 1024K, 1 young (1024K), 1 survivors (1024K)
 Metaspace       used 87354K, committed 88128K, reserved 1179648K
  class space    used 11331K, committed 11712K, reserved 1048576K
}

Dll operation events (14 events):
Event: 0.024 Loaded shared library C:\Program Files\Java\jdk-19\bin\java.dll
Event: 0.042 Loaded shared library C:\Program Files\Java\jdk-19\bin\jsvml.dll
Event: 0.328 Loaded shared library C:\Program Files\Java\jdk-19\bin\zip.dll
Event: 0.336 Loaded shared library C:\Program Files\Java\jdk-19\bin\instrument.dll
Event: 0.355 Loaded shared library C:\Program Files\Java\jdk-19\bin\net.dll
Event: 0.362 Loaded shared library C:\Program Files\Java\jdk-19\bin\nio.dll
Event: 0.371 Loaded shared library C:\Program Files\Java\jdk-19\bin\zip.dll
Event: 0.721 Loaded shared library C:\Program Files\JetBrains\IntelliJ IDEA Community Edition 2023.2.2\bin\breakgen64.dll
Event: 0.735 Loaded shared library C:\Program Files\Java\jdk-19\bin\extnet.dll
Event: 0.803 Loaded shared library C:\Program Files\Java\jdk-19\bin\jimage.dll
Event: 1.466 Loaded shared library C:\Program Files\Java\jdk-19\bin\management.dll
Event: 1.472 Loaded shared library C:\Program Files\Java\jdk-19\bin\management_ext.dll
Event: 3.813 Loaded shared library C:\Program Files\Java\jdk-19\bin\sunmscapi.dll
Event: 8.395 Loaded shared library C:\Program Files\Java\jdk-19\bin\verify.dll

Deoptimization events (20 events):
Event: 157.862 Thread 0x00000225a5d98c10 Uncommon trap: trap_request=0xffffffbe fr.pc=0x0000022590afe71c relative=0x00000000000062bc
Event: 157.862 Thread 0x00000225a5d98c10 Uncommon trap: reason=profile_predicate action=maybe_recompile pc=0x0000022590afe71c method=java.util.concurrent.ConcurrentHashMap$Traverser.advance()Ljava/util/concurrent/ConcurrentHashMap$Node; @ 15 c2
Event: 157.862 Thread 0x00000225a5d98c10 DEOPT PACKING pc=0x0000022590afe71c sp=0x000000d2306fbab0
Event: 157.863 Thread 0x00000225a5d98c10 DEOPT UNPACKING pc=0x000002258fd36da3 sp=0x000000d2306fb610 mode 2
Event: 157.865 Thread 0x00000225a5d98c10 Uncommon trap: trap_request=0xffffffbe fr.pc=0x0000022590afe71c relative=0x00000000000062bc
Event: 157.865 Thread 0x00000225a5d98c10 Uncommon trap: reason=profile_predicate action=maybe_recompile pc=0x0000022590afe71c method=java.util.concurrent.ConcurrentHashMap$Traverser.advance()Ljava/util/concurrent/ConcurrentHashMap$Node; @ 15 c2
Event: 157.866 Thread 0x00000225a5d98c10 DEOPT PACKING pc=0x0000022590afe71c sp=0x000000d2306fc580
Event: 157.866 Thread 0x00000225a5d98c10 DEOPT UNPACKING pc=0x000002258fd36da3 sp=0x000000d2306fc0e0 mode 2
Event: 157.868 Thread 0x00000225a5d9c680 Uncommon trap: trap_request=0xffffffbe fr.pc=0x0000022590afe71c relative=0x00000000000062bc
Event: 157.868 Thread 0x00000225a5d9c680 Uncommon trap: reason=profile_predicate action=maybe_recompile pc=0x0000022590afe71c method=java.util.concurrent.ConcurrentHashMap$Traverser.advance()Ljava/util/concurrent/ConcurrentHashMap$Node; @ 15 c2
Event: 157.868 Thread 0x00000225a5d9c680 DEOPT PACKING pc=0x0000022590afe71c sp=0x000000d2309fb610
Event: 157.868 Thread 0x00000225a5d9c680 DEOPT UNPACKING pc=0x000002258fd36da3 sp=0x000000d2309fb170 mode 2
Event: 157.870 Thread 0x00000225a5d9c680 Uncommon trap: trap_request=0xffffffbe fr.pc=0x0000022590afe71c relative=0x00000000000062bc
Event: 157.870 Thread 0x00000225a5d9c680 Uncommon trap: reason=profile_predicate action=maybe_recompile pc=0x0000022590afe71c method=java.util.concurrent.ConcurrentHashMap$Traverser.advance()Ljava/util/concurrent/ConcurrentHashMap$Node; @ 15 c2
Event: 157.870 Thread 0x00000225a5d9c680 DEOPT PACKING pc=0x0000022590afe71c sp=0x000000d2309fc0e0
Event: 157.870 Thread 0x00000225a5d9c680 DEOPT UNPACKING pc=0x000002258fd36da3 sp=0x000000d2309fbc40 mode 2
Event: 167.585 Thread 0x00000225a5d9bbe0 Uncommon trap: trap_request=0xffffffbe fr.pc=0x000002259077c9b4 relative=0x00000000000013f4
Event: 167.585 Thread 0x00000225a5d9bbe0 Uncommon trap: reason=profile_predicate action=maybe_recompile pc=0x000002259077c9b4 method=java.util.TreeMap.put(Ljava/lang/Object;Ljava/lang/Object;Z)Ljava/lang/Object; @ 27 c2
Event: 167.585 Thread 0x00000225a5d9bbe0 DEOPT PACKING pc=0x000002259077c9b4 sp=0x000000d22fefe9a0
Event: 167.585 Thread 0x00000225a5d9bbe0 DEOPT UNPACKING pc=0x000002258fd36da3 sp=0x000000d22fefe960 mode 2

Classes loaded (20 events):
Event: 127.774 Loading class java/util/stream/ReferencePipeline$4
Event: 127.775 Loading class java/util/stream/ReferencePipeline$4 done
Event: 127.775 Loading class java/util/function/IntBinaryOperator
Event: 127.775 Loading class java/util/function/IntBinaryOperator done
Event: 127.776 Loading class java/util/stream/ReduceOps$7
Event: 127.777 Loading class java/util/stream/ReduceOps$7 done
Event: 127.777 Loading class java/util/stream/ReduceOps$6ReducingSink
Event: 127.780 Loading class java/util/stream/ReduceOps$6ReducingSink done
Event: 127.780 Loading class java/util/stream/ReferencePipeline$4$1
Event: 127.780 Loading class java/util/stream/ReferencePipeline$4$1 done
Event: 127.796 Loading class java/io/PrintWriter$1
Event: 127.796 Loading class jdk/internal/access/JavaIOPrintWriterAccess
Event: 127.796 Loading class jdk/internal/access/JavaIOPrintWriterAccess done
Event: 127.796 Loading class java/io/PrintWriter$1 done
Event: 127.796 Loading class java/lang/Throwable$WrappedPrintWriter
Event: 127.796 Loading class java/lang/Throwable$PrintStreamOrWriter
Event: 127.797 Loading class java/lang/Throwable$PrintStreamOrWriter done
Event: 127.797 Loading class java/lang/Throwable$WrappedPrintWriter done
Event: 141.918 Loading class sun/util/locale/LocaleExtensions
Event: 141.929 Loading class sun/util/locale/LocaleExtensions done

Classes unloaded (0 events):
No events

Classes redefined (0 events):
No events

Internal exceptions (20 events):
Event: 121.127 Thread 0x00000225a5d9dbc0 Exception <a 'java/lang/NoSuchMethodError'{0x0000000089ec57d8}: 'void java.lang.invoke.Invokers$Holder.invokeExact_MT(java.lang.Object, java.lang.Object, int, java.lang.Object)'> (0x0000000089ec57d8) 
thrown [s\open\src\hotspot\share\interpreter\linkResolver.cpp, line 774]
Event: 121.144 Thread 0x00000225a5d9dbc0 Exception <a 'java/lang/IncompatibleClassChangeError'{0x0000000089ee94c8}: Found class java.lang.Object, but interface was expected> (0x0000000089ee94c8) 
thrown [s\open\src\hotspot\share\interpreter\linkResolver.cpp, line 841]
Event: 121.185 Thread 0x00000225a5d9dbc0 Exception <a 'java/lang/NoSuchMethodError'{0x0000000089d847d0}: 'int java.lang.invoke.Invokers$Holder.invokeExact_MT(java.lang.Object, java.lang.Object, java.lang.Object)'> (0x0000000089d847d0) 
thrown [s\open\src\hotspot\share\interpreter\linkResolver.cpp, line 774]
Event: 121.205 Thread 0x00000225a5d9dbc0 Exception <a 'java/lang/IncompatibleClassChangeError'{0x0000000089dc9740}: Found class java.lang.Object, but interface was expected> (0x0000000089dc9740) 
thrown [s\open\src\hotspot\share\interpreter\linkResolver.cpp, line 841]
Event: 121.216 Thread 0x00000225a5d9dbc0 Exception <a 'java/lang/NoSuchMethodError'{0x0000000089df2610}: 'long java.lang.invoke.DelegatingMethodHandle$Holder.reinvoke_L(java.lang.Object, java.lang.Object)'> (0x0000000089df2610) 
thrown [s\open\src\hotspot\share\interpreter\linkResolver.cpp, line 774]
Event: 121.217 Thread 0x00000225a5d9dbc0 Exception <a 'java/lang/IncompatibleClassChangeError'{0x0000000089dfcf58}: Found class java.lang.Object, but interface was expected> (0x0000000089dfcf58) 
thrown [s\open\src\hotspot\share\interpreter\linkResolver.cpp, line 841]
Event: 121.217 Thread 0x00000225a5d9dbc0 Exception <a 'java/lang/IncompatibleClassChangeError'{0x0000000089dfe218}: Found class java.lang.Object, but interface was expected> (0x0000000089dfe218) 
thrown [s\open\src\hotspot\share\interpreter\linkResolver.cpp, line 841]
Event: 121.218 Thread 0x00000225a5d9dbc0 Exception <a 'java/lang/IncompatibleClassChangeError'{0x0000000089c01fe0}: Found class java.lang.Object, but interface was expected> (0x0000000089c01fe0) 
thrown [s\open\src\hotspot\share\interpreter\linkResolver.cpp, line 841]
Event: 123.153 Thread 0x00000225a5d9f100 Exception <a 'java/lang/NoSuchMethodError'{0x0000000089bdbc30}: 'java.lang.Object java.lang.invoke.DirectMethodHandle$Holder.invokeInterface(java.lang.Object, java.lang.Object, java.lang.Object, java.lang.Object, java.lang.Object)'> (0x0000000089bdbc30) 
thrown [s\open\src\hotspot\share\interpreter\linkResolver.cpp, line 774]
Event: 127.524 Thread 0x00000225a5d9abf0 Exception <a 'java/lang/NoSuchMethodError'{0x00000000899b6c60}: 'double java.lang.invoke.DelegatingMethodHandle$Holder.reinvoke_L(java.lang.Object, java.lang.Object)'> (0x00000000899b6c60) 
thrown [s\open\src\hotspot\share\interpreter\linkResolver.cpp, line 774]
Event: 127.525 Thread 0x00000225a5d9abf0 Exception <a 'java/lang/NoSuchMethodError'{0x00000000899c1e50}: 'void java.lang.invoke.DelegatingMethodHandle$Holder.reinvoke_L(java.lang.Object, java.lang.Object, double)'> (0x00000000899c1e50) 
thrown [s\open\src\hotspot\share\interpreter\linkResolver.cpp, line 774]
Event: 127.567 Thread 0x00000225a5d9dbc0 Exception <a 'java/lang/NoSuchMethodError'{0x000000008984aaf0}: 'double java.lang.invoke.Invokers$Holder.invokeExact_MT(java.lang.Object, java.lang.Object, java.lang.Object)'> (0x000000008984aaf0) 
thrown [s\open\src\hotspot\share\interpreter\linkResolver.cpp, line 774]
Event: 127.582 Thread 0x00000225a5d9abf0 Exception <a 'java/lang/NoSuchMethodError'{0x000000008970bc68}: 'int java.lang.invoke.DirectMethodHandle$Holder.invokeStatic(java.lang.Object, java.lang.Object, int, int)'> (0x000000008970bc68) 
thrown [s\open\src\hotspot\share\interpreter\linkResolver.cpp, line 774]
Event: 127.594 Thread 0x00000225a5d9dbc0 Exception <a 'java/lang/NoSuchMethodError'{0x00000000897d9620}: 'int java.lang.invoke.DirectMethodHandle$Holder.invokeStatic(java.lang.Object, java.lang.Object, int, java.lang.Object)'> (0x00000000897d9620) 
thrown [s\open\src\hotspot\share\interpreter\linkResolver.cpp, line 774]
Event: 127.678 Thread 0x00000225a5d9dbc0 Implicit null exception at 0x000002259059d8df to 0x000002259059de10
Event: 127.715 Thread 0x00000225a5d9dbc0 Exception <a 'java/lang/NoSuchMethodError'{0x000000008967f4a8}: 'double java.lang.invoke.DirectMethodHandle$Holder.invokeVirtual(java.lang.Object, java.lang.Object)'> (0x000000008967f4a8) 
thrown [s\open\src\hotspot\share\interpreter\linkResolver.cpp, line 774]
Event: 157.862 Thread 0x00000225a5d98c10 Implicit null exception at 0x0000022590afb7ef to 0x0000022590afe698
Event: 157.865 Thread 0x00000225a5d98c10 Implicit null exception at 0x0000022590afb7ef to 0x0000022590afe698
Event: 157.868 Thread 0x00000225a5d9c680 Implicit null exception at 0x0000022590afb7ef to 0x0000022590afe698
Event: 157.870 Thread 0x00000225a5d9c680 Implicit null exception at 0x0000022590afb7ef to 0x0000022590afe698

VM Operations (20 events):
Event: 188.500 Executing VM operation: G1CollectForAllocation
Event: 188.501 Executing VM operation: G1CollectForAllocation done
Event: 189.211 Executing VM operation: G1CollectForAllocation
Event: 189.213 Executing VM operation: G1CollectForAllocation done
Event: 189.906 Executing VM operation: G1CollectForAllocation
Event: 189.909 Executing VM operation: G1CollectForAllocation done
Event: 190.562 Executing VM operation: G1CollectForAllocation
Event: 190.563 Executing VM operation: G1CollectForAllocation done
Event: 191.420 Executing VM operation: G1CollectForAllocation
Event: 191.422 Executing VM operation: G1CollectForAllocation done
Event: 192.280 Executing VM operation: G1CollectForAllocation
Event: 192.282 Executing VM operation: G1CollectForAllocation done
Event: 192.931 Executing VM operation: G1CollectForAllocation
Event: 192.933 Executing VM operation: G1CollectForAllocation done
Event: 193.682 Executing VM operation: G1CollectForAllocation
Event: 193.684 Executing VM operation: G1CollectForAllocation done
Event: 194.390 Executing VM operation: G1CollectForAllocation
Event: 194.391 Executing VM operation: G1CollectForAllocation done
Event: 194.847 Executing VM operation: G1CollectForAllocation
Event: 194.848 Executing VM operation: G1CollectForAllocation done

Events (20 events):
Event: 183.042 Thread 0x000002259ef84770 flushing nmethod 0x0000022589d0a810
Event: 183.042 Thread 0x000002259ef84770 flushing nmethod 0x0000022589d35510
Event: 183.043 Thread 0x000002259ef84770 flushing nmethod 0x0000022589d4a210
Event: 183.043 Thread 0x000002259ef84770 flushing nmethod 0x0000022589d6a210
Event: 183.043 Thread 0x000002259ef84770 flushing nmethod 0x0000022589d82590
Event: 183.043 Thread 0x000002259ef84770 flushing nmethod 0x0000022589d8bf10
Event: 183.043 Thread 0x000002259ef84770 flushing nmethod 0x0000022589dd5810
Event: 183.043 Thread 0x000002259ef84770 flushing nmethod 0x0000022589e12390
Event: 183.043 Thread 0x000002259ef84770 flushing nmethod 0x0000022589e1a990
Event: 183.043 Thread 0x000002259ef84770 flushing nmethod 0x0000022589e2da90
Event: 183.043 Thread 0x000002259ef84770 flushing nmethod 0x0000022589e2fb90
Event: 183.043 Thread 0x000002259ef84770 flushing nmethod 0x0000022589e41790
Event: 183.043 Thread 0x000002259ef84770 flushing nmethod 0x0000022589e54a10
Event: 183.044 Thread 0x000002259ef84770 flushing nmethod 0x0000022589e5dc10
Event: 183.044 Thread 0x000002259ef84770 flushing nmethod 0x0000022589e66d10
Event: 183.044 Thread 0x000002259ef84770 flushing nmethod 0x0000022589e6cb10
Event: 183.044 Thread 0x000002259ef84770 flushing nmethod 0x0000022589e6e710
Event: 185.457 Thread 0x00000225a65ad8e0 Thread exited: 0x00000225a65ad8e0
Event: 186.848 Thread 0x00000225a65ad8e0 Thread added: 0x00000225a65ad8e0
Event: 187.407 Thread 0x00000225a65ad8e0 Thread exited: 0x00000225a65ad8e0


Dynamic libraries:
0x00007ff611770000 - 0x00007ff611780000 	C:\Program Files\Java\jdk-19\bin\java.exe
0x00007ffa30570000 - 0x00007ffa30786000 	C:\WINDOWS\SYSTEM32\ntdll.dll
0x00007ffa2ea10000 - 0x00007ffa2ead4000 	C:\WINDOWS\System32\KERNEL32.DLL
0x00007ffa2dec0000 - 0x00007ffa2e267000 	C:\WINDOWS\System32\KERNELBASE.dll
0x00007ffa2dd30000 - 0x00007ffa2de41000 	C:\WINDOWS\System32\ucrtbase.dll
0x00007ffa18410000 - 0x00007ffa1842b000 	C:\Program Files\Java\jdk-19\bin\VCRUNTIME140.dll
0x00007ffa18540000 - 0x00007ffa18558000 	C:\Program Files\Java\jdk-19\bin\jli.dll
0x00007ffa2ee70000 - 0x00007ffa2ef22000 	C:\WINDOWS\System32\ADVAPI32.dll
0x00007ffa2e950000 - 0x00007ffa2e9f7000 	C:\WINDOWS\System32\msvcrt.dll
0x00007ffa2ef30000 - 0x00007ffa2efd8000 	C:\WINDOWS\System32\sechost.dll
0x00007ffa2e270000 - 0x00007ffa2e298000 	C:\WINDOWS\System32\bcrypt.dll
0x00007ffa30150000 - 0x00007ffa30265000 	C:\WINDOWS\System32\RPCRT4.dll
0x00007ffa2f040000 - 0x00007ffa2f1ee000 	C:\WINDOWS\System32\USER32.dll
0x00007ffa2dc80000 - 0x00007ffa2dca6000 	C:\WINDOWS\System32\win32u.dll
0x00007ffa2fe30000 - 0x00007ffa2fe59000 	C:\WINDOWS\System32\GDI32.dll
0x00007ffa19e30000 - 0x00007ffa1a0c3000 	C:\WINDOWS\WinSxS\amd64_microsoft.windows.common-controls_6595b64144ccf1df_6.0.22621.3235_none_270f74e173860f98\COMCTL32.dll
0x00007ffa2da00000 - 0x00007ffa2db19000 	C:\WINDOWS\System32\gdi32full.dll
0x00007ffa2db20000 - 0x00007ffa2dbba000 	C:\WINDOWS\System32\msvcp_win.dll
0x00007ffa24140000 - 0x00007ffa2414a000 	C:\WINDOWS\SYSTEM32\VERSION.dll
0x00007ffa2fdf0000 - 0x00007ffa2fe21000 	C:\WINDOWS\System32\IMM32.DLL
0x00007ffa18bc0000 - 0x00007ffa18bcc000 	C:\Program Files\Java\jdk-19\bin\vcruntime140_1.dll
0x00007ff9f2d10000 - 0x00007ff9f2d9e000 	C:\Program Files\Java\jdk-19\bin\msvcp140.dll
0x00007ff9c6620000 - 0x00007ff9c72e0000 	C:\Program Files\Java\jdk-19\bin\server\jvm.dll
0x00007ffa257d0000 - 0x00007ffa25804000 	C:\WINDOWS\SYSTEM32\WINMM.dll
0x00007ffa28f90000 - 0x00007ffa28f99000 	C:\WINDOWS\SYSTEM32\WSOCK32.dll
0x00007ffa2f1f0000 - 0x00007ffa2f261000 	C:\WINDOWS\System32\WS2_32.dll
0x00007ffa2c8d0000 - 0x00007ffa2c8e8000 	C:\WINDOWS\SYSTEM32\kernel.appcore.dll
0x00007ffa18530000 - 0x00007ffa1853a000 	C:\Program Files\Java\jdk-19\bin\jimage.dll
0x00007ffa1d0d0000 - 0x00007ffa1d303000 	C:\WINDOWS\SYSTEM32\DBGHELP.DLL
0x00007ffa2eae0000 - 0x00007ffa2ee68000 	C:\WINDOWS\System32\combase.dll
0x00007ffa30270000 - 0x00007ffa30347000 	C:\WINDOWS\System32\OLEAUT32.dll
0x00007ffa12cf0000 - 0x00007ffa12d22000 	C:\WINDOWS\SYSTEM32\dbgcore.DLL
0x00007ffa2dcb0000 - 0x00007ffa2dd29000 	C:\WINDOWS\System32\bcryptPrimitives.dll
0x00007ffa29210000 - 0x00007ffa2921e000 	C:\Program Files\Java\jdk-19\bin\instrument.dll
0x00007ffa127c0000 - 0x00007ffa127e6000 	C:\Program Files\Java\jdk-19\bin\java.dll
0x00007ff9e8dd0000 - 0x00007ff9e8ea7000 	C:\Program Files\Java\jdk-19\bin\jsvml.dll
0x00007ffa2f340000 - 0x00007ffa2fb9c000 	C:\WINDOWS\System32\SHELL32.dll
0x00007ffa2b7f0000 - 0x00007ffa2c0e9000 	C:\WINDOWS\SYSTEM32\windows.storage.dll
0x00007ffa2b6b0000 - 0x00007ffa2b7ee000 	C:\WINDOWS\SYSTEM32\wintypes.dll
0x00007ffa2e2a0000 - 0x00007ffa2e393000 	C:\WINDOWS\System32\SHCORE.dll
0x00007ffa2efe0000 - 0x00007ffa2f03e000 	C:\WINDOWS\System32\shlwapi.dll
0x00007ffa2d7c0000 - 0x00007ffa2d7e1000 	C:\WINDOWS\SYSTEM32\profapi.dll
0x00007ffa16e10000 - 0x00007ffa16e28000 	C:\Program Files\Java\jdk-19\bin\zip.dll
0x00007ffa172c0000 - 0x00007ffa172d3000 	C:\Program Files\Java\jdk-19\bin\net.dll
0x00007ffa26190000 - 0x00007ffa262c6000 	C:\WINDOWS\SYSTEM32\WINHTTP.dll
0x00007ffa2cd40000 - 0x00007ffa2cda9000 	C:\WINDOWS\system32\mswsock.dll
0x00007ffa17280000 - 0x00007ffa17296000 	C:\Program Files\Java\jdk-19\bin\nio.dll
0x00007ffa28fb0000 - 0x00007ffa28fca000 	C:\Program Files\JetBrains\IntelliJ IDEA Community Edition 2023.2.2\bin\breakgen64.dll
0x00007ffa184f0000 - 0x00007ffa184f8000 	C:\Program Files\Java\jdk-19\bin\extnet.dll
0x00007ffa28ff0000 - 0x00007ffa28ffa000 	C:\Program Files\Java\jdk-19\bin\management.dll
0x00007ffa28fe0000 - 0x00007ffa28feb000 	C:\Program Files\Java\jdk-19\bin\management_ext.dll
0x00007ffa2ea00000 - 0x00007ffa2ea08000 	C:\WINDOWS\System32\PSAPI.DLL
0x00007ffa28fd0000 - 0x00007ffa28fde000 	C:\Program Files\Java\jdk-19\bin\sunmscapi.dll
0x00007ffa2d890000 - 0x00007ffa2d9f7000 	C:\WINDOWS\System32\CRYPT32.dll
0x00007ffa2d140000 - 0x00007ffa2d16e000 	C:\WINDOWS\SYSTEM32\ncrypt.dll
0x00007ffa2d100000 - 0x00007ffa2d137000 	C:\WINDOWS\SYSTEM32\NTASN1.dll
0x00007ffa2cfa0000 - 0x00007ffa2cfbb000 	C:\WINDOWS\SYSTEM32\CRYPTSP.dll
0x00007ffa2c830000 - 0x00007ffa2c865000 	C:\WINDOWS\system32\rsaenh.dll
0x00007ffa2ce40000 - 0x00007ffa2ce68000 	C:\WINDOWS\SYSTEM32\USERENV.dll
0x00007ffa2cfc0000 - 0x00007ffa2cfcc000 	C:\WINDOWS\SYSTEM32\CRYPTBASE.dll
0x00007ffa2c350000 - 0x00007ffa2c37d000 	C:\WINDOWS\SYSTEM32\IPHLPAPI.DLL
0x00007ffa2fe60000 - 0x00007ffa2fe69000 	C:\WINDOWS\System32\NSI.dll
0x00007ffa25670000 - 0x00007ffa25689000 	C:\WINDOWS\SYSTEM32\dhcpcsvc6.DLL
0x00007ffa25650000 - 0x00007ffa2566f000 	C:\WINDOWS\SYSTEM32\dhcpcsvc.DLL
0x00007ffa2c380000 - 0x00007ffa2c479000 	C:\WINDOWS\SYSTEM32\DNSAPI.dll
0x00007ffa16ca0000 - 0x00007ffa16cb0000 	C:\Program Files\Java\jdk-19\bin\verify.dll
0x00007ffa23d20000 - 0x00007ffa23d2a000 	C:\Windows\System32\rasadhlp.dll
0x00007ffa24300000 - 0x00007ffa24383000 	C:\WINDOWS\System32\fwpuclnt.dll
0x00007ffa1f9b0000 - 0x00007ffa1f9b8000 	C:\WINDOWS\system32\wshunix.dll

dbghelp: loaded successfully - version: 4.0.5 - missing functions: none
symbol engine: initialized successfully - sym options: 0x614 - pdb path: .;C:\Program Files\Java\jdk-19\bin;C:\WINDOWS\SYSTEM32;C:\WINDOWS\WinSxS\amd64_microsoft.windows.common-controls_6595b64144ccf1df_6.0.22621.3235_none_270f74e173860f98;C:\Program Files\Java\jdk-19\bin\server;C:\Program Files\JetBrains\IntelliJ IDEA Community Edition 2023.2.2\bin

VM Arguments:
jvm_args: -javaagent:C:\Program Files\JetBrains\IntelliJ IDEA Community Edition 2023.2.2\lib\idea_rt.jar=62543:C:\Program Files\JetBrains\IntelliJ IDEA Community Edition 2023.2.2\bin -Dfile.encoding=UTF-8 -Dsun.stdout.encoding=UTF-8 -Dsun.stderr.encoding=UTF-8 
java_command: com.ajay.eommerce.EommerceApplication
java_class_path (initial): D:\eommerce\target\classes;C:\Users\Ajay shekhawat\.m2\repository\org\springframework\boot\spring-boot-starter-data-jpa\3.2.3\spring-boot-starter-data-jpa-3.2.3.jar;C:\Users\Ajay shekhawat\.m2\repository\org\springframework\boot\spring-boot-starter-aop\3.2.3\spring-boot-starter-aop-3.2.3.jar;C:\Users\Ajay shekhawat\.m2\repository\org\aspectj\aspectjweaver\1.9.21\aspectjweaver-1.9.21.jar;C:\Users\Ajay shekhawat\.m2\repository\org\springframework\boot\spring-boot-starter-jdbc\3.2.3\spring-boot-starter-jdbc-3.2.3.jar;C:\Users\Ajay shekhawat\.m2\repository\com\zaxxer\HikariCP\5.0.1\HikariCP-5.0.1.jar;C:\Users\Ajay shekhawat\.m2\repository\org\springframework\spring-jdbc\6.1.4\spring-jdbc-6.1.4.jar;C:\Users\Ajay shekhawat\.m2\repository\org\hibernate\orm\hibernate-core\6.4.4.Final\hibernate-core-6.4.4.Final.jar;C:\Users\Ajay shekhawat\.m2\repository\jakarta\persistence\jakarta.persistence-api\3.1.0\jakarta.persistence-api-3.1.0.jar;C:\Users\Ajay shekhawat\.m2\repository\jakarta\transaction\jakarta.transaction-api\2.0.1\jakarta.transaction-api-2.0.1.jar;C:\Users\Ajay shekhawat\.m2\repository\org\jboss\logging\jboss-logging\3.5.3.Final\jboss-logging-3.5.3.Final.jar;C:\Users\Ajay shekhawat\.m2\repository\org\hibernate\common\hibernate-commons-annotations\6.0.6.Final\hibernate-commons-annotations-6.0.6.Final.jar;C:\Users\Ajay shekhawat\.m2\repository\io\smallrye\jandex\3.1.2\jandex-3.1.2.jar;C:\Users\Ajay shekhawat\.m2\repository\com\fasterxml\classmate\1.6.0\classmate-1.6.0.jar;C:\Users\Ajay shekhawat\.m2\repository\net\bytebuddy\byte-buddy\1.14.12\byte-buddy-1.14.12.jar;C:\Users\Ajay shekhawat\.m2\repository\org\glassfish\jaxb\jaxb-runtime\4.0.4\jaxb-runtime-4.0.4.jar;C:\Users\Ajay shekhawat\.m2\repository\org\glassfish\jaxb\jaxb-core\4.0.4\jaxb-core-4.0.4.jar;C:\Users\Ajay shekhawat\.m2\repository\org\eclipse\angus\angus-activation\2.0.1\angus-activation-2.0.1.jar;C:\Users\Ajay shekhawat\.m2\repository\org\glassfish\jaxb\txw2\4.0.4\txw2-4.0.4.jar;C:\Users\Ajay shekhawat\.m2\repository\com\sun\istack\istack-commons-runtime\4.1.2\istack-commons-runtime-4.1.2.jar;C:\Users\Ajay shekhawat\.m2\repository\jakarta\inject\jakarta.inject-api\2.0.1\jakarta.inject-api-2.0.1.jar;C:\Users\Ajay shekhawat\.m2\repository\org\antlr\antlr4-runtime\4.13.0\antlr4-runtime-4.13.0.jar;C:\Users\Ajay shekhawat\.m2\repository\org\springframework\data\spring-data-jpa\3.2.3\spring-data-jpa-3.2.3.jar;C:\Users\Ajay shekhawat\.m2\repository\org\springframework\data\spring-data-commons\3.2.3\spring-data-commons-3.2.3.jar;C:\Users\Ajay shekhawat\.m2\repository\org\springframework\spring-orm\6.1.4\spring-orm-6.1.4.jar;C:\Users\Ajay shekhawat\.m2\repository\org\springframework\spring-context\6.1.4\spring-context-6.1.4.jar;C:\Users\Ajay shekhawat\.m2\repository\org\springframework\spring-tx\6.1.4\spring-tx-6.1.4.jar;C:\Users\Ajay shekhawat\.m2\repository\org\springframework\spring-beans\6.1.4\spring-beans-6.1.4.jar;C:\Users\Ajay shekhawat\.m2\repository\jakarta\annotation\jakarta.annotation-api\2.1.1\jakarta.annotation-api-2.1.1.jar;C:\Users\Ajay shekhawat\.m2\repository\org\slf4j\slf4j-api\2.0.12\slf4j-api-2.0.12.jar;C:\Users\Ajay shekhawat\.m2\repository\org\springframework\spring-aspects\6.1.4\spring-aspects-6.1.4.jar;C:\Users\Ajay shekhawat\.m2\repository\org\springframework\boot\spring-boot-starter-security\3.2.3\spring-boot-starter-security-3.2.3.jar;C:\Users\Ajay shekhawat\.m2\repository\org\springframework\boot\spring-boot-starter\3.2.3\spring-boot-starter-3.2.3.jar;C:\Users\Ajay shekhawat\.m2\repository\org\springframework\boot\spring-boot-starter-logging\3.2.3\spring-boot-starter-logging-3.2.3.jar;C:\Users\Ajay shekhawat\.m2\repository\ch\qos\logback\logback-classic\1.4.14\logback-classic-1.4.14.jar;C:\Users\Ajay shekhawat\.m2\repository\ch\qos\logback\logback-core\1.4.14\logback-core-1.4.14.jar;C:\Users\Ajay shekhawat\.m2\repository\org\apache\logging\log4j\log4j-to-slf4j\2.21.1\log4j-to-slf4j-2.21.1.jar;C:\Users\Ajay shekhawat\.m2\repository\org\apache\logging\log4j\log4j-api\2.21.1\log4j-api-2.21.1.jar;C:\Users\Ajay shekhawat\.m2\repository\org\slf4j\jul-to-slf4j\2.0.12\jul-to-slf4j-2.0.12.jar;C:\Users\Ajay shekhawat\.m2\repository\org\yaml\snakeyaml\2.2\snakeyaml-2.2.jar;C:\Users\Ajay shekhawat\.m2\repository\org\springframework\spring-aop\6.1.4\spring-aop-6.1.4.jar;C:\Users\Ajay shekhawat\.m2\repository\org\springframework\security\spring-security-config\6.2.2\spring-security-config-6.2.2.jar;C:\Users\Ajay shekhawat\.m2\repository\org\springframework\security\spring-security-web\6.2.2\spring-security-web-6.2.2.jar;C:\Users\Ajay shekhawat\.m2\repository\org\springframework\spring-expression\6.1.4\spring-expression-6.1.4.jar;C:\Users\Ajay shekhawat\.m2\repository\org\springframework\boot\spring-boot-starter-validation\3.2.3\spring-boot-starter-validation-3.2.3.jar;C:\Users\Ajay shekhawat\.m2\repository\org\apache\tomcat\embed\tomcat-embed-el\10.1.19\tomcat-embed-el-10.1.19.jar;C:\Users\Ajay shekhawat\.m2\repository\org\hibernate\validator\hibernate-validator\8.0.1.Final\hibernate-validator-8.0.1.Final.jar;C:\Users\Ajay shekhawat\.m2\repository\jakarta\validation\jakarta.validation-api\3.0.2\jakarta.validation-api-3.0.2.jar;C:\Users\Ajay shekhawat\.m2\repository\org\springframework\boot\spring-boot-starter-web\3.2.3\spring-boot-starter-web-3.2.3.jar;C:\Users\Ajay shekhawat\.m2\repository\org\springframework\boot\spring-boot-starter-json\3.2.3\spring-boot-starter-json-3.2.3.jar;C:\Users\Ajay shekhawat\.m2\repository\com\fasterxml\jackson\datatype\jackson-datatype-jdk8\2.15.4\jackson-datatype-jdk8-2.15.4.jar;C:\Users\Ajay shekhawat\.m2\repository\com\fasterxml\jackson\datatype\jackson-datatype-jsr310\2.15.4\jackson-datatype-jsr310-2.15.4.jar;C:\Users\Ajay shekhawat\.m2\repository\com\fasterxml\jackson\module\jackson-module-parameter-names\2.15.4\jackson-module-parameter-names-2.15.4.jar;C:\Users\Ajay shekhawat\.m2\repository\org\springframework\boot\spring-boot-starter-tomcat\3.2.3\spring-boot-starter-tomcat-3.2.3.jar;C:\Users\Ajay shekhawat\.m2\repository\org\apache\tomcat\embed\tomcat-embed-core\10.1.19\tomcat-embed-core-10.1.19.jar;C:\Users\Ajay shekhawat\.m2\repository\org\apache\tomcat\embed\tomcat-embed-websocket\10.1.19\tomcat-embed-websocket-10.1.19.jar;C:\Users\Ajay shekhawat\.m2\repository\org\springframework\spring-web\6.1.4\spring-web-6.1.4.jar;C:\Users\Ajay shekhawat\.m2\repository\io\micrometer\micrometer-observation\1.12.3\micrometer-observation-1.12.3.jar;C:\Users\Ajay shekhawat\.m2\repository\io\micrometer\micrometer-commons\1.12.3\micrometer-commons-1.12.3.jar;C:\Users\Ajay shekhawat\.m2\repository\org\springframework\spring-webmvc\6.1.4\spring-webmvc-6.1.4.jar;C:\Users\Ajay shekhawat\.m2\repository\org\springframework\boot\spring-boot-devtools\3.2.3\spring-boot-devtools-3.2.3.jar;C:\Users\Ajay shekhawat\.m2\repository\org\springframework\boot\spring-boot\3.2.3\spring-boot-3.2.3.jar;C:\Users\Ajay shekhawat\.m2\repository\org\springframework\boot\spring-boot-autoconfigure\3.2.3\spring-boot-autoconfigure-3.2.3.jar;C:\Users\Ajay shekhawat\.m2\repository\com\mysql\mysql-connector-j\8.3.0\mysql-connector-j-8.3.0.jar;C:\Users\Ajay shekhawat\.m2\repository\jakarta\xml\bind\jakarta.xml.bind-api\4.0.1\jakarta.xml.bind-api-4.0.1.jar;C:\Users\Ajay shekhawat\.m2\repository\jakarta\activation\jakarta.activation-api\2.1.2\jakarta.activation-api-2.1.2.jar;C:\Users\Ajay shekhawat\.m2\repository\org\springframework\spring-core\6.1.4\spring-core-6.1.4.jar;C:\Users\Ajay shekhawat\.m2\repository\org\springframework\spring-jcl\6.1.4\spring-jcl-6.1.4.jar;C:\Users\Ajay shekhawat\.m2\repository\org\springframework\security\spring-security-core\6.2.2\spring-security-core-6.2.2.jar;C:\Users\Ajay shekhawat\.m2\repository\org\springframework\security\spring-security-crypto\6.2.2\spring-security-crypto-6.2.2.jar;C:\Users\Ajay shekhawat\.m2\repository\io\jsonwebtoken\jjwt-api\0.12.3\jjwt-api-0.12.3.jar;C:\Users\Ajay shekhawat\.m2\repository\io\jsonwebtoken\jjwt-jackson\0.12.3\jjwt-jackson-0.12.3.jar;C:\Users\Ajay shekhawat\.m2\repository\com\fasterxml\jackson\core\jackson-databind\2.15.4\jackson-databind-2.15.4.jar;C:\Users\Ajay shekhawat\.m2\repository\com\fasterxml\jackson\core\jackson-annotations\2.15.4\jackson-annotations-2.15.4.jar;C:\Users\Ajay shekhawat\.m2\repository\com\fasterxml\jackson\core\jackson-core\2.15.4\jackson-core-2.15.4.jar;C:\Users\Ajay shekhawat\.m2\repository\io\jsonwebtoken\jjwt-impl\0.12.3\jjwt-impl-0.12.3.jar
Launcher Type: SUN_STANDARD

[Global flags]
     intx CICompilerCount                          = 4                                         {product} {ergonomic}
     uint ConcGCThreads                            = 2                                         {product} {ergonomic}
     uint G1ConcRefinementThreads                  = 8                                         {product} {ergonomic}
   size_t G1HeapRegionSize                         = 1048576                                   {product} {ergonomic}
    uintx GCDrainStackTargetSize                   = 64                                        {product} {ergonomic}
   size_t InitialHeapSize                          = 132120576                                 {product} {ergonomic}
   size_t MarkStackSize                            = 4194304                                   {product} {ergonomic}
   size_t MaxHeapSize                              = 2099249152                                {product} {ergonomic}
   size_t MaxNewSize                               = 1259339776                                {product} {ergonomic}
   size_t MinHeapDeltaBytes                        = 1048576                                   {product} {ergonomic}
   size_t MinHeapSize                              = 8388608                                   {product} {ergonomic}
    uintx NonNMethodCodeHeapSize                   = 5839372                                {pd product} {ergonomic}
    uintx NonProfiledCodeHeapSize                  = 122909434                              {pd product} {ergonomic}
    uintx ProfiledCodeHeapSize                     = 122909434                              {pd product} {ergonomic}
    uintx ReservedCodeCacheSize                    = 251658240                              {pd product} {ergonomic}
     bool SegmentedCodeCache                       = true                                      {product} {ergonomic}
   size_t SoftMaxHeapSize                          = 2099249152                             {manageable} {ergonomic}
     bool UseCompressedClassPointers               = true                           {product lp64_product} {ergonomic}
     bool UseCompressedOops                        = true                           {product lp64_product} {ergonomic}
     bool UseG1GC                                  = true                                      {product} {ergonomic}
     bool UseLargePagesIndividualAllocation        = false                                  {pd product} {ergonomic}

Logging:
Log output configuration:
 #0: stdout all=warning uptime,level,tags foldmultilines=false
 #1: stderr all=off uptime,level,tags foldmultilines=false

Environment Variables:
JAVA_HOME=C:\Program Files\Java\jdk1.8.0_202
PATH=C:\Program Files\Common Files\Oracle\Java\javapath;C:\Program Files\Java\jdk1.8.0_202\bin;C:\WINDOWS\system32;C:\WINDOWS;C:\WINDOWS\System32\Wbem;C:\WINDOWS\System32\WindowsPowerShell\v1.0\;C:\WINDOWS\System32\OpenSSH\;C:\Program Files\nodejs\;C:\Program Files\Java\jdk1.8.0_202\bin;;D:\vs code\Microsoft VS Code\bin;C:\Users\Ajay shekhawat\AppData\Local\Microsoft\WindowsApps;C:\Program Files\JetBrains\IntelliJ IDEA Educational Edition 2022.2.2\bin;;C:\Program Files\JetBrains\IntelliJ IDEA Community Edition 2023.2.2\bin;;C:\Users\Ajay shekhawat\AppData\Roaming\npm
USERNAME=Ajay shekhawat
OS=Windows_NT
PROCESSOR_IDENTIFIER=AMD64 Family 23 Model 24 Stepping 1, AuthenticAMD
TMP=C:\Users\AJAYSH~1\AppData\Local\Temp
TEMP=C:\Users\AJAYSH~1\AppData\Local\Temp



---------------  S Y S T E M  ---------------

OS:
 Windows 11 , 64 bit Build 22621 (10.0.22621.3374)
OS uptime: 0 days 2:09 hours

CPU: total 8 (initial active 8) (8 cores per cpu, 2 threads per core) family 23 model 24 stepping 1 microcode 0x0, cx8, cmov, fxsr, ht, mmx, 3dnowpref, sse, sse2, sse3, ssse3, sse4a, sse4.1, sse4.2, popcnt, lzcnt, tsc, tscinvbit, avx, avx2, aes, clmul, bmi1, bmi2, adx, sha, fma, vzeroupper, clflush, clflushopt, rdtscp

Memory: 4k page, system-wide physical 8001M (349M free)
TotalPageFile size 32577M (AvailPageFile size 4M)
current process WorkingSet (physical memory assigned to process): 367M, peak: 370M
current process commit charge ("private bytes"): 406M, peak: 411M

vm_info: Java HotSpot(TM) 64-Bit Server VM (19.0.2+7-44) for windows-amd64 JRE (19.0.2+7-44), built on 2022-11-30T18:02:09Z by "mach5one" with MS VC++ 17.1 (VS2022)

END.
