#
# There is insufficient memory for the Java Runtime Environment to continue.
# Native memory allocation (malloc) failed to allocate 1032816 bytes for Chunk::new
# Possible reasons:
#   The system is out of physical RAM or swap space
#   The process is running with CompressedOops enabled, and the Java Heap may be blocking the growth of the native heap
# Possible solutions:
#   Reduce memory load on the system
#   Increase physical memory or swap space
#   Check if swap backing store is full
#   Decrease Java heap size (-Xmx/-Xms)
#   Decrease number of Java threads
#   Decrease Java thread stack sizes (-Xss)
#   Set larger code cache with -XX:ReservedCodeCacheSize=
#   JVM is running with Unscaled Compressed Oops mode in which the Java heap is
#     placed in the first 4GB address space. The Java Heap base address is the
#     maximum limit for the native heap growth. Please use -XX:HeapBaseMinAddress
#     to set the Java Heap base and to place the Java Heap above 4GB virtual address.
# This output file may be truncated or incomplete.
#
#  Out of Memory Error (arena.cpp:184), pid=15036, tid=14724
#
# JRE version: Java(TM) SE Runtime Environment (19.0.2+7) (build 19.0.2+7-44)
# Java VM: Java HotSpot(TM) 64-Bit Server VM (19.0.2+7-44, mixed mode, sharing, tiered, compressed oops, compressed class ptrs, g1 gc, windows-amd64)
# No core dump will be written. Minidumps are not enabled by default on client versions of Windows
#

---------------  S U M M A R Y ------------

Command Line: -javaagent:C:\Program Files\JetBrains\IntelliJ IDEA Community Edition 2023.2.2\lib\idea_rt.jar=52160:C:\Program Files\JetBrains\IntelliJ IDEA Community Edition 2023.2.2\bin -Dfile.encoding=UTF-8 -Dsun.stdout.encoding=UTF-8 -Dsun.stderr.encoding=UTF-8 com.ajay.eommerce.EommerceApplication

Host: AMD Ryzen 5 3550H with Radeon Vega Mobile Gfx  , 8 cores, 7G,  Windows 11 , 64 bit Build 22621 (10.0.22621.3374)
Time: Sat May  4 01:38:22 2024 India Standard Time elapsed time: 168.679906 seconds (0d 0h 2m 48s)

---------------  T H R E A D  ---------------

Current thread (0x000001dd7a2ab5f0):  JavaThread "C2 CompilerThread0" daemon [_thread_in_native, id=14724, stack(0x00000047caa00000,0x00000047cab00000)]


Current CompileTask:
C2: 168680 13553 % !   4       java.util.concurrent.ConcurrentHashMap::transfer @ 96 (849 bytes)

Stack: [0x00000047caa00000,0x00000047cab00000]
Native frames: (J=compiled Java code, j=interpreted, Vv=VM code, C=native code)
V  [jvm.dll+0x6ee21a]
V  [jvm.dll+0x85765e]
V  [jvm.dll+0x85904e]
V  [jvm.dll+0x859703]
V  [jvm.dll+0x28298f]
V  [jvm.dll+0xc9adf]
V  [jvm.dll+0xc9e65]
V  [jvm.dll+0x3bca12]
V  [jvm.dll+0x3860e1]
V  [jvm.dll+0x38555a]
V  [jvm.dll+0x24c3d9]
V  [jvm.dll+0x24b781]
V  [jvm.dll+0x1d6ce1]
V  [jvm.dll+0x25b25a]
V  [jvm.dll+0x2596e8]
V  [jvm.dll+0x807588]
V  [jvm.dll+0x80125a]
V  [jvm.dll+0x6ecf0b]
C  [ucrtbase.dll+0x29333]
C  [KERNEL32.DLL+0x1257d]
C  [ntdll.dll+0x5aa48]


---------------  P R O C E S S  ---------------

Threads class SMR info:
_java_thread_list=0x000001dd0f29c820, length=32, elements={
0x000001dd7a29b8f0, 0x000001dd7a29c830, 0x000001dd7a29f6d0, 0x000001dd7a2a0200,
0x000001dd7a2a2b40, 0x000001dd7a2a7490, 0x000001dd7a2ab5f0, 0x000001dd7a2b3f70,
0x000001dd7a2c70f0, 0x000001dd7e4cd4c0, 0x000001dd7e902ec0, 0x000001dd7e903400,
0x000001dd0f724530, 0x000001dd0f722aa0, 0x000001dd0f724a80, 0x000001dd0f725520,
0x000001dd0f723540, 0x000001dd0f722000, 0x000001dd0f722ff0, 0x000001dd0f722550,
0x000001dd12b08560, 0x000001dd12b06ad0, 0x000001dd12b05040, 0x000001dd12b09550,
0x000001dd12b09aa0, 0x000001dd12b02b10, 0x000001dd12b04050, 0x000001dd12b03060,
0x000001dd12b08010, 0x000001dd12b02070, 0x000001dd12b05ae0, 0x000001dd12b06030
}

Java Threads: ( => current thread )
  0x000001dd7a29b8f0 JavaThread "Reference Handler" daemon [_thread_blocked, id=9428, stack(0x00000047ca400000,0x00000047ca500000)]
  0x000001dd7a29c830 JavaThread "Finalizer" daemon [_thread_blocked, id=3868, stack(0x00000047ca500000,0x00000047ca600000)]
  0x000001dd7a29f6d0 JavaThread "Signal Dispatcher" daemon [_thread_blocked, id=17480, stack(0x00000047ca600000,0x00000047ca700000)]
  0x000001dd7a2a0200 JavaThread "Attach Listener" daemon [_thread_blocked, id=22456, stack(0x00000047ca700000,0x00000047ca800000)]
  0x000001dd7a2a2b40 JavaThread "Service Thread" daemon [_thread_blocked, id=9148, stack(0x00000047ca800000,0x00000047ca900000)]
  0x000001dd7a2a7490 JavaThread "Monitor Deflation Thread" daemon [_thread_blocked, id=13336, stack(0x00000047ca900000,0x00000047caa00000)]
=>0x000001dd7a2ab5f0 JavaThread "C2 CompilerThread0" daemon [_thread_in_native, id=14724, stack(0x00000047caa00000,0x00000047cab00000)]
  0x000001dd7a2b3f70 JavaThread "C1 CompilerThread0" daemon [_thread_blocked, id=23568, stack(0x00000047cab00000,0x00000047cac00000)]
  0x000001dd7a2c70f0 JavaThread "Sweeper thread" daemon [_thread_blocked, id=20720, stack(0x00000047cac00000,0x00000047cad00000)]
  0x000001dd7e4cd4c0 JavaThread "Common-Cleaner" daemon [_thread_blocked, id=12472, stack(0x00000047cad00000,0x00000047cae00000)]
  0x000001dd7e902ec0 JavaThread "Monitor Ctrl-Break" daemon [_thread_in_native, id=20680, stack(0x00000047cae00000,0x00000047caf00000)]
  0x000001dd7e903400 JavaThread "Notification Thread" daemon [_thread_blocked, id=24168, stack(0x00000047caf00000,0x00000047cb000000)]
  0x000001dd0f724530 JavaThread "Catalina-utility-1" [_thread_blocked, id=18524, stack(0x00000047cbd00000,0x00000047cbe00000)]
  0x000001dd0f722aa0 JavaThread "Catalina-utility-2" [_thread_blocked, id=25152, stack(0x00000047cbe00000,0x00000047cbf00000)]
  0x000001dd0f724a80 JavaThread "container-0" [_thread_blocked, id=19824, stack(0x00000047cbf00000,0x00000047cc000000)]
  0x000001dd0f725520 JavaThread "mysql-cj-abandoned-connection-cleanup" daemon [_thread_blocked, id=19772, stack(0x00000047cc000000,0x00000047cc100000)]
  0x000001dd0f723540 JavaThread "HikariPool-1 housekeeper" daemon [_thread_blocked, id=20832, stack(0x00000047cbb00000,0x00000047cbc00000)]
  0x000001dd0f722000 JavaThread "File Watcher" daemon [_thread_blocked, id=21628, stack(0x00000047cbc00000,0x00000047cbd00000)]
  0x000001dd0f722ff0 JavaThread "Live Reload Server" daemon [_thread_in_native, id=10872, stack(0x00000047cc500000,0x00000047cc600000)]
  0x000001dd0f722550 JavaThread "http-nio-5454-exec-1" daemon [_thread_blocked, id=2348, stack(0x00000047cc400000,0x00000047cc500000)]
  0x000001dd12b08560 JavaThread "http-nio-5454-exec-2" daemon [_thread_blocked, id=21320, stack(0x00000047cc600000,0x00000047cc700000)]
  0x000001dd12b06ad0 JavaThread "http-nio-5454-exec-3" daemon [_thread_blocked, id=24196, stack(0x00000047cc700000,0x00000047cc800000)]
  0x000001dd12b05040 JavaThread "http-nio-5454-exec-4" daemon [_thread_blocked, id=20764, stack(0x00000047cc800000,0x00000047cc900000)]
  0x000001dd12b09550 JavaThread "http-nio-5454-exec-5" daemon [_thread_blocked, id=9972, stack(0x00000047cc900000,0x00000047cca00000)]
  0x000001dd12b09aa0 JavaThread "http-nio-5454-exec-6" daemon [_thread_blocked, id=14120, stack(0x00000047cca00000,0x00000047ccb00000)]
  0x000001dd12b02b10 JavaThread "http-nio-5454-exec-7" daemon [_thread_blocked, id=24252, stack(0x00000047ccb00000,0x00000047ccc00000)]
  0x000001dd12b04050 JavaThread "http-nio-5454-exec-8" daemon [_thread_blocked, id=15948, stack(0x00000047ccc00000,0x00000047ccd00000)]
  0x000001dd12b03060 JavaThread "http-nio-5454-exec-9" daemon [_thread_blocked, id=17980, stack(0x00000047ccd00000,0x00000047cce00000)]
  0x000001dd12b08010 JavaThread "http-nio-5454-exec-10" daemon [_thread_blocked, id=22652, stack(0x00000047cce00000,0x00000047ccf00000)]
  0x000001dd12b02070 JavaThread "http-nio-5454-Poller" daemon [_thread_in_native, id=22448, stack(0x00000047ccf00000,0x00000047cd000000)]
  0x000001dd12b05ae0 JavaThread "http-nio-5454-Acceptor" daemon [_thread_in_native, id=23580, stack(0x00000047cd000000,0x00000047cd100000)]
  0x000001dd12b06030 JavaThread "DestroyJavaVM" [_thread_blocked, id=21700, stack(0x00000047c9d00000,0x00000047c9e00000)]

Other Threads:
  0x000001dd7a27dab0 VMThread "VM Thread" [stack: 0x00000047ca300000,0x00000047ca400000] [id=21312]
  0x000001dd7e905e10 WatcherThread "VM Periodic Task Thread" [stack: 0x00000047cb000000,0x00000047cb100000] [id=7388]
  0x000001dd68bedac0 WorkerThread "GC Thread#0" [stack: 0x00000047c9e00000,0x00000047c9f00000] [id=2708]
  0x000001dd0f058d60 WorkerThread "GC Thread#1" [stack: 0x00000047cb400000,0x00000047cb500000] [id=16060]
  0x000001dd0f072050 WorkerThread "GC Thread#2" [stack: 0x00000047cb500000,0x00000047cb600000] [id=23356]
  0x000001dd0f073cc0 WorkerThread "GC Thread#3" [stack: 0x00000047cb600000,0x00000047cb700000] [id=6536]
  0x000001dd0f072370 WorkerThread "GC Thread#4" [stack: 0x00000047cb700000,0x00000047cb800000] [id=9916]
  0x000001dd0f073180 WorkerThread "GC Thread#5" [stack: 0x00000047cb800000,0x00000047cb900000] [id=2116]
  0x000001dd0f073450 WorkerThread "GC Thread#6" [stack: 0x00000047cb900000,0x00000047cba00000] [id=19196]
  0x000001dd0f073720 WorkerThread "GC Thread#7" [stack: 0x00000047cba00000,0x00000047cbb00000] [id=19624]
  0x000001dd68bff610 ConcurrentGCThread "G1 Main Marker" [stack: 0x00000047c9f00000,0x00000047ca000000] [id=15816]
  0x000001dd68c007e0 WorkerThread "G1 Conc#0" [stack: 0x00000047ca000000,0x00000047ca100000] [id=20604]
  0x000001dd0f072be0 WorkerThread "G1 Conc#1" [stack: 0x00000047cb100000,0x00000047cb200000] [id=19924]
  0x000001dd7a136180 ConcurrentGCThread "G1 Refine#0" [stack: 0x00000047ca100000,0x00000047ca200000] [id=25264]
  0x000001dd7a137980 ConcurrentGCThread "G1 Service" [stack: 0x00000047ca200000,0x00000047ca300000] [id=22952]

Threads with active compile tasks:
C2 CompilerThread0   169002 13553 % !   4       java.util.concurrent.ConcurrentHashMap::transfer @ 96 (849 bytes)

VM state: not at safepoint (normal execution)

VM Mutex/Monitor currently owned by a thread: None

Heap address: 0x0000000082e00000, size: 2002 MB, Compressed Oops mode: 32-bit

CDS archive(s) mapped at: [0x0000000800000000-0x0000000800c40000-0x0000000800c40000), size 12845056, SharedBaseAddress: 0x0000000800000000, ArchiveRelocationMode: 0.
Compressed class space mapped at: 0x0000000801000000-0x0000000841000000, reserved size: 1073741824
Narrow klass base: 0x0000000800000000, Narrow klass shift: 0, Narrow klass range: 0x100000000

GC Precious Log:
 CardTable entry size: 512
 Card Set container configuration: InlinePtr #cards 5 size 8 Array Of Cards #cards 12 size 40 Howl #buckets 4 coarsen threshold 1843 Howl Bitmap #cards 512 size 80 coarsen threshold 460 Card regions per heap region 1 cards per card region 2048
 CPUs: 8 total, 8 available
 Memory: 8001M
 Large Page Support: Disabled
 NUMA Support: Disabled
 Compressed Oops: Enabled (32-bit)
 Heap Region Size: 1M
 Heap Min Capacity: 8M
 Heap Initial Capacity: 126M
 Heap Max Capacity: 2002M
 Pre-touch: Disabled
 Parallel Workers: 8
 Concurrent Workers: 2
 Concurrent Refinement Workers: 8
 Periodic GC: Disabled

Heap:
 garbage-first heap   total 157696K, used 112328K [0x0000000082e00000, 0x0000000100000000)
  region size 1024K, 72 young (73728K), 1 survivors (1024K)
 Metaspace       used 86951K, committed 87744K, reserved 1179648K
  class space    used 11302K, committed 11648K, reserved 1048576K

Heap Regions: E=young(eden), S=young(survivor), O=old, HS=humongous(starts), HC=humongous(continues), CS=collection set, F=free, OA=open archive, CA=closed archive, TAMS=top-at-mark-start (previous, next)
|   0|0x0000000082e00000, 0x0000000082f00000, 0x0000000082f00000|100%|HS|  |TAMS 0x0000000082f00000, 0x0000000082e00000| Complete 
|   1|0x0000000082f00000, 0x0000000083000000, 0x0000000083000000|100%| O|  |TAMS 0x0000000083000000, 0x0000000082f00000| Untracked 
|   2|0x0000000083000000, 0x0000000083100000, 0x0000000083100000|100%| O|  |TAMS 0x0000000083100000, 0x0000000083000000| Untracked 
|   3|0x0000000083100000, 0x0000000083200000, 0x0000000083200000|100%| O|  |TAMS 0x0000000083200000, 0x0000000083100000| Untracked 
|   4|0x0000000083200000, 0x0000000083300000, 0x0000000083300000|100%| O|  |TAMS 0x0000000083300000, 0x0000000083200000| Untracked 
|   5|0x0000000083300000, 0x0000000083400000, 0x0000000083400000|100%| O|  |TAMS 0x0000000083400000, 0x0000000083300000| Untracked 
|   6|0x0000000083400000, 0x0000000083500000, 0x0000000083500000|100%| O|  |TAMS 0x0000000083500000, 0x0000000083400000| Untracked 
|   7|0x0000000083500000, 0x0000000083600000, 0x0000000083600000|100%| O|  |TAMS 0x0000000083600000, 0x0000000083500000| Untracked 
|   8|0x0000000083600000, 0x0000000083700000, 0x0000000083700000|100%| O|  |TAMS 0x0000000083700000, 0x0000000083600000| Untracked 
|   9|0x0000000083700000, 0x0000000083800000, 0x0000000083800000|100%| O|  |TAMS 0x0000000083800000, 0x0000000083700000| Untracked 
|  10|0x0000000083800000, 0x0000000083900000, 0x0000000083900000|100%| O|  |TAMS 0x0000000083900000, 0x0000000083800000| Untracked 
|  11|0x0000000083900000, 0x0000000083a00000, 0x0000000083a00000|100%| O|  |TAMS 0x0000000083a00000, 0x0000000083900000| Untracked 
|  12|0x0000000083a00000, 0x0000000083b00000, 0x0000000083b00000|100%| O|  |TAMS 0x0000000083b00000, 0x0000000083a00000| Untracked 
|  13|0x0000000083b00000, 0x0000000083c00000, 0x0000000083c00000|100%| O|  |TAMS 0x0000000083c00000, 0x0000000083b00000| Untracked 
|  14|0x0000000083c00000, 0x0000000083d00000, 0x0000000083d00000|100%| O|  |TAMS 0x0000000083d00000, 0x0000000083c00000| Untracked 
|  15|0x0000000083d00000, 0x0000000083e00000, 0x0000000083e00000|100%| O|  |TAMS 0x0000000083e00000, 0x0000000083d00000| Untracked 
|  16|0x0000000083e00000, 0x0000000083f00000, 0x0000000083f00000|100%| O|  |TAMS 0x0000000083f00000, 0x0000000083e00000| Untracked 
|  17|0x0000000083f00000, 0x0000000084000000, 0x0000000084000000|100%| O|  |TAMS 0x0000000084000000, 0x0000000083f00000| Untracked 
|  18|0x0000000084000000, 0x0000000084100000, 0x0000000084100000|100%| O|  |TAMS 0x0000000084100000, 0x0000000084000000| Untracked 
|  19|0x0000000084100000, 0x0000000084200000, 0x0000000084200000|100%| O|  |TAMS 0x0000000084200000, 0x0000000084100000| Untracked 
|  20|0x0000000084200000, 0x0000000084300000, 0x0000000084300000|100%| O|  |TAMS 0x0000000084300000, 0x0000000084200000| Untracked 
|  21|0x0000000084300000, 0x0000000084400000, 0x0000000084400000|100%| O|  |TAMS 0x0000000084400000, 0x0000000084300000| Untracked 
|  22|0x0000000084400000, 0x0000000084500000, 0x0000000084500000|100%| O|  |TAMS 0x0000000084500000, 0x0000000084400000| Untracked 
|  23|0x0000000084500000, 0x0000000084600000, 0x0000000084600000|100%| O|  |TAMS 0x0000000084600000, 0x0000000084500000| Untracked 
|  24|0x0000000084600000, 0x0000000084700000, 0x0000000084700000|100%| O|  |TAMS 0x0000000084700000, 0x0000000084600000| Untracked 
|  25|0x0000000084700000, 0x0000000084800000, 0x0000000084800000|100%| O|  |TAMS 0x0000000084800000, 0x0000000084700000| Untracked 
|  26|0x0000000084800000, 0x0000000084900000, 0x0000000084900000|100%| O|  |TAMS 0x0000000084900000, 0x0000000084800000| Untracked 
|  27|0x0000000084900000, 0x0000000084a00000, 0x0000000084a00000|100%| O|  |TAMS 0x0000000084a00000, 0x0000000084900000| Untracked 
|  28|0x0000000084a00000, 0x0000000084a18c00, 0x0000000084b00000|  9%| O|  |TAMS 0x0000000084a00000, 0x0000000084a00000| Untracked 
|  29|0x0000000084b00000, 0x0000000084b00000, 0x0000000084c00000|  0%| F|  |TAMS 0x0000000084b00000, 0x0000000084b00000| Untracked 
|  30|0x0000000084c00000, 0x0000000084d00000, 0x0000000084d00000|100%| O|  |TAMS 0x0000000084d00000, 0x0000000084c00000| Untracked 
|  31|0x0000000084d00000, 0x0000000084e00000, 0x0000000084e00000|100%| O|  |TAMS 0x0000000084e00000, 0x0000000084d00000| Untracked 
|  32|0x0000000084e00000, 0x0000000084f00000, 0x0000000084f00000|100%| O|  |TAMS 0x0000000084f00000, 0x0000000084e00000| Untracked 
|  33|0x0000000084f00000, 0x0000000085000000, 0x0000000085000000|100%| O|  |TAMS 0x0000000085000000, 0x0000000084f00000| Untracked 
|  34|0x0000000085000000, 0x0000000085100000, 0x0000000085100000|100%| O|  |TAMS 0x0000000085100000, 0x0000000085000000| Untracked 
|  35|0x0000000085100000, 0x0000000085200000, 0x0000000085200000|100%| O|  |TAMS 0x0000000085200000, 0x0000000085100000| Untracked 
|  36|0x0000000085200000, 0x0000000085300000, 0x0000000085300000|100%| O|  |TAMS 0x0000000085300000, 0x0000000085200000| Untracked 
|  37|0x0000000085300000, 0x0000000085400000, 0x0000000085400000|100%| O|  |TAMS 0x0000000085400000, 0x0000000085300000| Untracked 
|  38|0x0000000085400000, 0x0000000085400000, 0x0000000085500000|  0%| F|  |TAMS 0x0000000085400000, 0x0000000085400000| Untracked 
|  39|0x0000000085500000, 0x0000000085500000, 0x0000000085600000|  0%| F|  |TAMS 0x0000000085500000, 0x0000000085500000| Untracked 
|  40|0x0000000085600000, 0x0000000085700000, 0x0000000085700000|100%| O|  |TAMS 0x0000000085700000, 0x0000000085600000| Untracked 
|  41|0x0000000085700000, 0x0000000085800000, 0x0000000085800000|100%| O|  |TAMS 0x0000000085800000, 0x0000000085700000| Untracked 
|  42|0x0000000085800000, 0x0000000085900000, 0x0000000085900000|100%| O|  |TAMS 0x0000000085900000, 0x0000000085800000| Untracked 
|  43|0x0000000085900000, 0x0000000085900000, 0x0000000085a00000|  0%| F|  |TAMS 0x0000000085900000, 0x0000000085900000| Untracked 
|  44|0x0000000085a00000, 0x0000000085a00000, 0x0000000085b00000|  0%| F|  |TAMS 0x0000000085a00000, 0x0000000085a00000| Untracked 
|  45|0x0000000085b00000, 0x0000000085b00000, 0x0000000085c00000|  0%| F|  |TAMS 0x0000000085b00000, 0x0000000085b00000| Untracked 
|  46|0x0000000085c00000, 0x0000000085c00000, 0x0000000085d00000|  0%| F|  |TAMS 0x0000000085c00000, 0x0000000085c00000| Untracked 
|  47|0x0000000085d00000, 0x0000000085d00000, 0x0000000085e00000|  0%| F|  |TAMS 0x0000000085d00000, 0x0000000085d00000| Untracked 
|  48|0x0000000085e00000, 0x0000000085e00000, 0x0000000085f00000|  0%| F|  |TAMS 0x0000000085e00000, 0x0000000085e00000| Untracked 
|  49|0x0000000085f00000, 0x0000000085f00000, 0x0000000086000000|  0%| F|  |TAMS 0x0000000085f00000, 0x0000000085f00000| Untracked 
|  50|0x0000000086000000, 0x0000000086100000, 0x0000000086100000|100%| O|  |TAMS 0x0000000086100000, 0x0000000086000000| Untracked 
|  51|0x0000000086100000, 0x0000000086100000, 0x0000000086200000|  0%| F|  |TAMS 0x0000000086100000, 0x0000000086100000| Untracked 
|  52|0x0000000086200000, 0x0000000086200000, 0x0000000086300000|  0%| F|  |TAMS 0x0000000086200000, 0x0000000086200000| Untracked 
|  53|0x0000000086300000, 0x0000000086300000, 0x0000000086400000|  0%| F|  |TAMS 0x0000000086300000, 0x0000000086300000| Untracked 
|  54|0x0000000086400000, 0x0000000086400000, 0x0000000086500000|  0%| F|  |TAMS 0x0000000086400000, 0x0000000086400000| Untracked 
|  55|0x0000000086500000, 0x0000000086500000, 0x0000000086600000|  0%| F|  |TAMS 0x0000000086500000, 0x0000000086500000| Untracked 
|  56|0x0000000086600000, 0x0000000086600000, 0x0000000086700000|  0%| F|  |TAMS 0x0000000086600000, 0x0000000086600000| Untracked 
|  57|0x0000000086700000, 0x0000000086700000, 0x0000000086800000|  0%| F|  |TAMS 0x0000000086700000, 0x0000000086700000| Untracked 
|  58|0x0000000086800000, 0x0000000086800000, 0x0000000086900000|  0%| F|  |TAMS 0x0000000086800000, 0x0000000086800000| Untracked 
|  59|0x0000000086900000, 0x0000000086900000, 0x0000000086a00000|  0%| F|  |TAMS 0x0000000086900000, 0x0000000086900000| Untracked 
|  60|0x0000000086a00000, 0x0000000086a00000, 0x0000000086b00000|  0%| F|  |TAMS 0x0000000086a00000, 0x0000000086a00000| Untracked 
|  61|0x0000000086b00000, 0x0000000086b00000, 0x0000000086c00000|  0%| F|  |TAMS 0x0000000086b00000, 0x0000000086b00000| Untracked 
|  62|0x0000000086c00000, 0x0000000086c99580, 0x0000000086d00000| 59%| S|CS|TAMS 0x0000000086c00000, 0x0000000086c00000| Complete 
|  63|0x0000000086d00000, 0x0000000086d00000, 0x0000000086e00000|  0%| F|  |TAMS 0x0000000086d00000, 0x0000000086d00000| Untracked 
|  64|0x0000000086e00000, 0x0000000086e00000, 0x0000000086f00000|  0%| F|  |TAMS 0x0000000086e00000, 0x0000000086e00000| Untracked 
|  65|0x0000000086f00000, 0x0000000086f00000, 0x0000000087000000|  0%| F|  |TAMS 0x0000000086f00000, 0x0000000086f00000| Untracked 
|  66|0x0000000087000000, 0x0000000087000000, 0x0000000087100000|  0%| F|  |TAMS 0x0000000087000000, 0x0000000087000000| Untracked 
|  67|0x0000000087100000, 0x0000000087100000, 0x0000000087200000|  0%| F|  |TAMS 0x0000000087100000, 0x0000000087100000| Untracked 
|  68|0x0000000087200000, 0x0000000087200000, 0x0000000087300000|  0%| F|  |TAMS 0x0000000087200000, 0x0000000087200000| Untracked 
|  69|0x0000000087300000, 0x0000000087300000, 0x0000000087400000|  0%| F|  |TAMS 0x0000000087300000, 0x0000000087300000| Untracked 
|  70|0x0000000087400000, 0x0000000087400000, 0x0000000087500000|  0%| F|  |TAMS 0x0000000087400000, 0x0000000087400000| Untracked 
|  71|0x0000000087500000, 0x0000000087500000, 0x0000000087600000|  0%| F|  |TAMS 0x0000000087500000, 0x0000000087500000| Untracked 
|  72|0x0000000087600000, 0x0000000087600000, 0x0000000087700000|  0%| F|  |TAMS 0x0000000087600000, 0x0000000087600000| Untracked 
|  73|0x0000000087700000, 0x0000000087700000, 0x0000000087800000|  0%| F|  |TAMS 0x0000000087700000, 0x0000000087700000| Untracked 
|  74|0x0000000087800000, 0x0000000087800000, 0x0000000087900000|  0%| F|  |TAMS 0x0000000087800000, 0x0000000087800000| Untracked 
|  75|0x0000000087900000, 0x0000000087900000, 0x0000000087a00000|  0%| F|  |TAMS 0x0000000087900000, 0x0000000087900000| Untracked 
|  76|0x0000000087a00000, 0x0000000087a00000, 0x0000000087b00000|  0%| F|  |TAMS 0x0000000087a00000, 0x0000000087a00000| Untracked 
|  77|0x0000000087b00000, 0x0000000087b00000, 0x0000000087c00000|  0%| F|  |TAMS 0x0000000087b00000, 0x0000000087b00000| Untracked 
|  78|0x0000000087c00000, 0x0000000087c00000, 0x0000000087d00000|  0%| F|  |TAMS 0x0000000087c00000, 0x0000000087c00000| Untracked 
|  79|0x0000000087d00000, 0x0000000087d00000, 0x0000000087e00000|  0%| F|  |TAMS 0x0000000087d00000, 0x0000000087d00000| Untracked 
|  80|0x0000000087e00000, 0x0000000087e00000, 0x0000000087f00000|  0%| F|  |TAMS 0x0000000087e00000, 0x0000000087e00000| Untracked 
|  81|0x0000000087f00000, 0x0000000087f00000, 0x0000000088000000|  0%| F|  |TAMS 0x0000000087f00000, 0x0000000087f00000| Untracked 
|  82|0x0000000088000000, 0x0000000088000000, 0x0000000088100000|  0%| F|  |TAMS 0x0000000088000000, 0x0000000088000000| Untracked 
|  83|0x0000000088100000, 0x000000008811fb28, 0x0000000088200000| 12%| E|  |TAMS 0x0000000088100000, 0x0000000088100000| Complete 
|  84|0x0000000088200000, 0x0000000088300000, 0x0000000088300000|100%| E|CS|TAMS 0x0000000088200000, 0x0000000088200000| Complete 
|  85|0x0000000088300000, 0x0000000088400000, 0x0000000088400000|100%| E|CS|TAMS 0x0000000088300000, 0x0000000088300000| Complete 
|  86|0x0000000088400000, 0x0000000088500000, 0x0000000088500000|100%| E|CS|TAMS 0x0000000088400000, 0x0000000088400000| Complete 
|  87|0x0000000088500000, 0x0000000088600000, 0x0000000088600000|100%| E|CS|TAMS 0x0000000088500000, 0x0000000088500000| Complete 
|  88|0x0000000088600000, 0x0000000088700000, 0x0000000088700000|100%| E|CS|TAMS 0x0000000088600000, 0x0000000088600000| Complete 
|  89|0x0000000088700000, 0x0000000088800000, 0x0000000088800000|100%| E|CS|TAMS 0x0000000088700000, 0x0000000088700000| Complete 
|  90|0x0000000088800000, 0x0000000088900000, 0x0000000088900000|100%| E|CS|TAMS 0x0000000088800000, 0x0000000088800000| Complete 
|  91|0x0000000088900000, 0x0000000088a00000, 0x0000000088a00000|100%| E|CS|TAMS 0x0000000088900000, 0x0000000088900000| Complete 
|  92|0x0000000088a00000, 0x0000000088b00000, 0x0000000088b00000|100%| E|CS|TAMS 0x0000000088a00000, 0x0000000088a00000| Complete 
|  93|0x0000000088b00000, 0x0000000088c00000, 0x0000000088c00000|100%| E|CS|TAMS 0x0000000088b00000, 0x0000000088b00000| Complete 
|  94|0x0000000088c00000, 0x0000000088d00000, 0x0000000088d00000|100%| E|CS|TAMS 0x0000000088c00000, 0x0000000088c00000| Complete 
|  95|0x0000000088d00000, 0x0000000088e00000, 0x0000000088e00000|100%| E|CS|TAMS 0x0000000088d00000, 0x0000000088d00000| Complete 
|  96|0x0000000088e00000, 0x0000000088f00000, 0x0000000088f00000|100%| E|CS|TAMS 0x0000000088e00000, 0x0000000088e00000| Complete 
|  97|0x0000000088f00000, 0x0000000089000000, 0x0000000089000000|100%| E|CS|TAMS 0x0000000088f00000, 0x0000000088f00000| Complete 
|  98|0x0000000089000000, 0x0000000089100000, 0x0000000089100000|100%| E|CS|TAMS 0x0000000089000000, 0x0000000089000000| Complete 
|  99|0x0000000089100000, 0x0000000089200000, 0x0000000089200000|100%| E|CS|TAMS 0x0000000089100000, 0x0000000089100000| Complete 
| 100|0x0000000089200000, 0x0000000089300000, 0x0000000089300000|100%| E|CS|TAMS 0x0000000089200000, 0x0000000089200000| Complete 
| 101|0x0000000089300000, 0x0000000089400000, 0x0000000089400000|100%| E|CS|TAMS 0x0000000089300000, 0x0000000089300000| Complete 
| 102|0x0000000089400000, 0x0000000089500000, 0x0000000089500000|100%| E|CS|TAMS 0x0000000089400000, 0x0000000089400000| Complete 
| 103|0x0000000089500000, 0x0000000089600000, 0x0000000089600000|100%| E|CS|TAMS 0x0000000089500000, 0x0000000089500000| Complete 
| 104|0x0000000089600000, 0x0000000089700000, 0x0000000089700000|100%| E|CS|TAMS 0x0000000089600000, 0x0000000089600000| Complete 
| 105|0x0000000089700000, 0x0000000089800000, 0x0000000089800000|100%| E|CS|TAMS 0x0000000089700000, 0x0000000089700000| Complete 
| 106|0x0000000089800000, 0x0000000089900000, 0x0000000089900000|100%| E|CS|TAMS 0x0000000089800000, 0x0000000089800000| Complete 
| 107|0x0000000089900000, 0x0000000089a00000, 0x0000000089a00000|100%| E|CS|TAMS 0x0000000089900000, 0x0000000089900000| Complete 
| 108|0x0000000089a00000, 0x0000000089b00000, 0x0000000089b00000|100%| E|CS|TAMS 0x0000000089a00000, 0x0000000089a00000| Complete 
| 109|0x0000000089b00000, 0x0000000089c00000, 0x0000000089c00000|100%| E|CS|TAMS 0x0000000089b00000, 0x0000000089b00000| Complete 
| 110|0x0000000089c00000, 0x0000000089d00000, 0x0000000089d00000|100%| E|CS|TAMS 0x0000000089c00000, 0x0000000089c00000| Complete 
| 111|0x0000000089d00000, 0x0000000089e00000, 0x0000000089e00000|100%| E|CS|TAMS 0x0000000089d00000, 0x0000000089d00000| Complete 
| 112|0x0000000089e00000, 0x0000000089f00000, 0x0000000089f00000|100%| E|CS|TAMS 0x0000000089e00000, 0x0000000089e00000| Complete 
| 113|0x0000000089f00000, 0x000000008a000000, 0x000000008a000000|100%| E|CS|TAMS 0x0000000089f00000, 0x0000000089f00000| Complete 
| 114|0x000000008a000000, 0x000000008a100000, 0x000000008a100000|100%| E|CS|TAMS 0x000000008a000000, 0x000000008a000000| Complete 
| 115|0x000000008a100000, 0x000000008a200000, 0x000000008a200000|100%| E|CS|TAMS 0x000000008a100000, 0x000000008a100000| Complete 
| 116|0x000000008a200000, 0x000000008a300000, 0x000000008a300000|100%| E|CS|TAMS 0x000000008a200000, 0x000000008a200000| Complete 
| 117|0x000000008a300000, 0x000000008a400000, 0x000000008a400000|100%| E|CS|TAMS 0x000000008a300000, 0x000000008a300000| Complete 
| 118|0x000000008a400000, 0x000000008a500000, 0x000000008a500000|100%| E|CS|TAMS 0x000000008a400000, 0x000000008a400000| Complete 
| 119|0x000000008a500000, 0x000000008a600000, 0x000000008a600000|100%| E|  |TAMS 0x000000008a500000, 0x000000008a500000| Complete 
| 120|0x000000008a600000, 0x000000008a700000, 0x000000008a700000|100%| E|CS|TAMS 0x000000008a600000, 0x000000008a600000| Complete 
| 121|0x000000008a700000, 0x000000008a800000, 0x000000008a800000|100%| E|CS|TAMS 0x000000008a700000, 0x000000008a700000| Complete 
| 122|0x000000008a800000, 0x000000008a900000, 0x000000008a900000|100%| E|CS|TAMS 0x000000008a800000, 0x000000008a800000| Complete 
| 123|0x000000008a900000, 0x000000008aa00000, 0x000000008aa00000|100%| E|CS|TAMS 0x000000008a900000, 0x000000008a900000| Complete 
| 124|0x000000008aa00000, 0x000000008ab00000, 0x000000008ab00000|100%| E|CS|TAMS 0x000000008aa00000, 0x000000008aa00000| Complete 
| 125|0x000000008ab00000, 0x000000008ac00000, 0x000000008ac00000|100%| E|CS|TAMS 0x000000008ab00000, 0x000000008ab00000| Complete 
| 126|0x000000008ac00000, 0x000000008ad00000, 0x000000008ad00000|100%| E|CS|TAMS 0x000000008ac00000, 0x000000008ac00000| Complete 
| 127|0x000000008ad00000, 0x000000008ae00000, 0x000000008ae00000|100%| E|CS|TAMS 0x000000008ad00000, 0x000000008ad00000| Complete 
| 128|0x000000008ae00000, 0x000000008af00000, 0x000000008af00000|100%| E|CS|TAMS 0x000000008ae00000, 0x000000008ae00000| Complete 
| 129|0x000000008af00000, 0x000000008b000000, 0x000000008b000000|100%| E|CS|TAMS 0x000000008af00000, 0x000000008af00000| Complete 
| 130|0x000000008b000000, 0x000000008b100000, 0x000000008b100000|100%| E|CS|TAMS 0x000000008b000000, 0x000000008b000000| Complete 
| 131|0x000000008b100000, 0x000000008b200000, 0x000000008b200000|100%| E|CS|TAMS 0x000000008b100000, 0x000000008b100000| Complete 
| 132|0x000000008b200000, 0x000000008b300000, 0x000000008b300000|100%| E|CS|TAMS 0x000000008b200000, 0x000000008b200000| Complete 
| 133|0x000000008b300000, 0x000000008b400000, 0x000000008b400000|100%| E|CS|TAMS 0x000000008b300000, 0x000000008b300000| Complete 
| 134|0x000000008b400000, 0x000000008b500000, 0x000000008b500000|100%| E|CS|TAMS 0x000000008b400000, 0x000000008b400000| Complete 
| 135|0x000000008b500000, 0x000000008b600000, 0x000000008b600000|100%| E|CS|TAMS 0x000000008b500000, 0x000000008b500000| Complete 
| 136|0x000000008b600000, 0x000000008b700000, 0x000000008b700000|100%| E|CS|TAMS 0x000000008b600000, 0x000000008b600000| Complete 
| 137|0x000000008b700000, 0x000000008b800000, 0x000000008b800000|100%| E|CS|TAMS 0x000000008b700000, 0x000000008b700000| Complete 
| 138|0x000000008b800000, 0x000000008b900000, 0x000000008b900000|100%| E|CS|TAMS 0x000000008b800000, 0x000000008b800000| Complete 
| 139|0x000000008b900000, 0x000000008ba00000, 0x000000008ba00000|100%| E|CS|TAMS 0x000000008b900000, 0x000000008b900000| Complete 
| 140|0x000000008ba00000, 0x000000008bb00000, 0x000000008bb00000|100%| E|CS|TAMS 0x000000008ba00000, 0x000000008ba00000| Complete 
| 141|0x000000008bb00000, 0x000000008bc00000, 0x000000008bc00000|100%| E|CS|TAMS 0x000000008bb00000, 0x000000008bb00000| Complete 
| 142|0x000000008bc00000, 0x000000008bd00000, 0x000000008bd00000|100%| E|CS|TAMS 0x000000008bc00000, 0x000000008bc00000| Complete 
| 143|0x000000008bd00000, 0x000000008be00000, 0x000000008be00000|100%| E|CS|TAMS 0x000000008bd00000, 0x000000008bd00000| Complete 
| 144|0x000000008be00000, 0x000000008bf00000, 0x000000008bf00000|100%| E|CS|TAMS 0x000000008be00000, 0x000000008be00000| Complete 
| 145|0x000000008bf00000, 0x000000008c000000, 0x000000008c000000|100%| E|CS|TAMS 0x000000008bf00000, 0x000000008bf00000| Complete 
| 146|0x000000008c000000, 0x000000008c100000, 0x000000008c100000|100%| E|CS|TAMS 0x000000008c000000, 0x000000008c000000| Complete 
| 147|0x000000008c100000, 0x000000008c200000, 0x000000008c200000|100%| E|CS|TAMS 0x000000008c100000, 0x000000008c100000| Complete 
| 148|0x000000008c200000, 0x000000008c300000, 0x000000008c300000|100%| E|CS|TAMS 0x000000008c200000, 0x000000008c200000| Complete 
| 149|0x000000008c300000, 0x000000008c400000, 0x000000008c400000|100%| E|CS|TAMS 0x000000008c300000, 0x000000008c300000| Complete 
| 153|0x000000008c700000, 0x000000008c800000, 0x000000008c800000|100%| E|CS|TAMS 0x000000008c700000, 0x000000008c700000| Complete 
| 154|0x000000008c800000, 0x000000008c900000, 0x000000008c900000|100%| E|CS|TAMS 0x000000008c800000, 0x000000008c800000| Complete 
| 155|0x000000008c900000, 0x000000008ca00000, 0x000000008ca00000|100%| E|CS|TAMS 0x000000008c900000, 0x000000008c900000| Complete 
| 158|0x000000008cc00000, 0x000000008cd00000, 0x000000008cd00000|100%| E|CS|TAMS 0x000000008cc00000, 0x000000008cc00000| Complete 

Card table byte_map: [0x000001dd73150000,0x000001dd73540000] _byte_map_base: 0x000001dd72d39000

Marking Bits (Prev, Next): (CMBitMap*) 0x000001dd68bee130, (CMBitMap*) 0x000001dd68bee0f0
 Prev Bits: [0x000001dd75880000, 0x000001dd777c8000)
 Next Bits: [0x000001dd73930000, 0x000001dd75878000)

Polling page: 0x000001dd68c40000

Metaspace:

Usage:
  Non-class:     73.88 MB used.
      Class:     11.04 MB used.
       Both:     84.91 MB used.

Virtual space:
  Non-class space:      128.00 MB reserved,      74.31 MB ( 58%) committed,  2 nodes.
      Class space:        1.00 GB reserved,      11.38 MB (  1%) committed,  1 nodes.
             Both:        1.12 GB reserved,      85.69 MB (  7%) committed. 

Chunk freelists:
   Non-Class:  1020.00 KB
       Class:  586.00 KB
        Both:  1.57 MB

MaxMetaspaceSize: unlimited
CompressedClassSpaceSize: 1.00 GB
Initial GC threshold: 21.00 MB
Current GC threshold: 142.50 MB
CDS: on
MetaspaceReclaimPolicy: balanced
 - commit_granule_bytes: 65536.
 - commit_granule_words: 8192.
 - virtual_space_node_default_size: 8388608.
 - enlarge_chunks_in_place: 1.
 - new_chunks_are_fully_committed: 0.
 - uncommit_free_chunks: 1.
 - use_allocation_guard: 0.


Internal statistics:

num_allocs_failed_limit: 9.
num_arena_births: 1162.
num_arena_deaths: 14.
num_vsnodes_births: 3.
num_vsnodes_deaths: 0.
num_space_committed: 1371.
num_space_uncommitted: 0.
num_chunks_returned_to_freelist: 29.
num_chunks_taken_from_freelist: 4208.
num_chunk_merges: 10.
num_chunk_splits: 3081.
num_chunks_enlarged: 2489.
num_inconsistent_stats: 0.

CodeHeap 'non-profiled nmethods': size=120000Kb used=10943Kb max_used=10943Kb free=109056Kb
 bounds [0x000001dd07ad0000, 0x000001dd08580000, 0x000001dd0f000000]
CodeHeap 'profiled nmethods': size=120000Kb used=18558Kb max_used=23787Kb free=101441Kb
 bounds [0x000001dd00000000, 0x000001dd01740000, 0x000001dd07530000]
CodeHeap 'non-nmethods': size=5760Kb used=1506Kb max_used=1555Kb free=4253Kb
 bounds [0x000001dd07530000, 0x000001dd077a0000, 0x000001dd07ad0000]
 total_blobs=11476 nmethods=10710 adapters=674
 compilation: enabled
              stopped_count=0, restarted_count=0
 full_count=0

Compilation events (20 events):
Event: 165.116 Thread 0x000001dd7a2b3f70 nmethod 13564 0x000001dd009d9610 code [0x000001dd009d9960, 0x000001dd009da9d8]
Event: 165.116 Thread 0x000001dd7a2b3f70 13566       3       org.apache.tomcat.util.net.SocketWrapperBase::writeBlocking (61 bytes)
Event: 165.117 Thread 0x000001dd7a2b3f70 nmethod 13566 0x000001dd00a00d90 code [0x000001dd00a00fe0, 0x000001dd00a01a58]
Event: 165.117 Thread 0x000001dd7a2b3f70 13567       3       org.apache.coyote.Response::isExceptionPresent (13 bytes)
Event: 165.117 Thread 0x000001dd7a2b3f70 nmethod 13567 0x000001dd00272390 code [0x000001dd00272520, 0x000001dd00272698]
Event: 165.135 Thread 0x000001dd7a2b3f70 13571       3       org.apache.catalina.connector.OutputBuffer::flushByteBuffer (20 bytes)
Event: 165.136 Thread 0x000001dd7a2b3f70 nmethod 13571 0x000001dd00116890 code [0x000001dd00116a80, 0x000001dd00116e78]
Event: 165.136 Thread 0x000001dd7a2b3f70 13572   !   3       org.apache.catalina.connector.OutputBuffer::doFlush (117 bytes)
Event: 165.139 Thread 0x000001dd7a2b3f70 nmethod 13572 0x000001dd0081c810 code [0x000001dd0081cb00, 0x000001dd0081db98]
Event: 165.172 Thread 0x000001dd7a2b3f70 13573       2       org.apache.catalina.core.ApplicationFilterFactory::createFilterChain (353 bytes)
Event: 165.174 Thread 0x000001dd7a2b3f70 nmethod 13573 0x000001dd006ea790 code [0x000001dd006eaa60, 0x000001dd006eb7c8]
Event: 165.174 Thread 0x000001dd7a2b3f70 13574       3       org.apache.coyote.AbstractProtocol$ConnectionHandler::release (67 bytes)
Event: 165.175 Thread 0x000001dd7a2b3f70 nmethod 13574 0x000001dd0019a310 code [0x000001dd0019a5a0, 0x000001dd0019b068]
Event: 165.175 Thread 0x000001dd7a2b3f70 13575       3       org.apache.catalina.core.StandardContext::findFilterMaps (8 bytes)
Event: 165.176 Thread 0x000001dd7a2b3f70 nmethod 13575 0x000001dd00042890 code [0x000001dd00042a40, 0x000001dd00042c98]
Event: 165.190 Thread 0x000001dd7a2b3f70 13576   !   3       org.apache.catalina.core.StandardHostValve::invoke (405 bytes)
Event: 165.199 Thread 0x000001dd7a2b3f70 nmethod 13576 0x000001dd01418a90 code [0x000001dd01419140, 0x000001dd0141d3a8]
Event: 165.207 Thread 0x000001dd7a2b3f70 13577       2       org.apache.coyote.http11.AbstractHttp11Protocol::getMaxKeepAliveRequests (8 bytes)
Event: 165.207 Thread 0x000001dd7a2b3f70 nmethod 13577 0x000001dd00027e10 code [0x000001dd00027fc0, 0x000001dd00028158]
Event: 165.207 Thread 0x000001dd7a2b3f70 13578   !   3       org.apache.coyote.http11.Http11Processor::service (1251 bytes)

GC Heap History (20 events):
Event: 155.628 GC heap before
{Heap before GC invocations=72 (full 0):
 garbage-first heap   total 160768K, used 135717K [0x0000000082e00000, 0x0000000100000000)
  region size 1024K, 94 young (96256K), 1 survivors (1024K)
 Metaspace       used 86909K, committed 87680K, reserved 1179648K
  class space    used 11296K, committed 11648K, reserved 1048576K
}
Event: 155.630 GC heap after
{Heap after GC invocations=73 (full 0):
 garbage-first heap   total 160768K, used 41393K [0x0000000082e00000, 0x0000000100000000)
  region size 1024K, 1 young (1024K), 1 survivors (1024K)
 Metaspace       used 86909K, committed 87680K, reserved 1179648K
  class space    used 11296K, committed 11648K, reserved 1048576K
}
Event: 155.790 GC heap before
{Heap before GC invocations=73 (full 0):
 garbage-first heap   total 160768K, used 47537K [0x0000000082e00000, 0x0000000100000000)
  region size 1024K, 7 young (7168K), 1 survivors (1024K)
 Metaspace       used 86909K, committed 87680K, reserved 1179648K
  class space    used 11296K, committed 11648K, reserved 1048576K
}
Event: 155.793 GC heap after
{Heap after GC invocations=74 (full 0):
 garbage-first heap   total 160768K, used 41134K [0x0000000082e00000, 0x0000000100000000)
  region size 1024K, 1 young (1024K), 1 survivors (1024K)
 Metaspace       used 86909K, committed 87680K, reserved 1179648K
  class space    used 11296K, committed 11648K, reserved 1048576K
}
Event: 157.623 GC heap before
{Heap before GC invocations=74 (full 0):
 garbage-first heap   total 160768K, used 135342K [0x0000000082e00000, 0x0000000100000000)
  region size 1024K, 94 young (96256K), 1 survivors (1024K)
 Metaspace       used 86911K, committed 87680K, reserved 1179648K
  class space    used 11297K, committed 11648K, reserved 1048576K
}
Event: 157.625 GC heap after
{Heap after GC invocations=75 (full 0):
 garbage-first heap   total 160768K, used 41250K [0x0000000082e00000, 0x0000000100000000)
  region size 1024K, 1 young (1024K), 1 survivors (1024K)
 Metaspace       used 86911K, committed 87680K, reserved 1179648K
  class space    used 11297K, committed 11648K, reserved 1048576K
}
Event: 159.740 GC heap before
{Heap before GC invocations=75 (full 0):
 garbage-first heap   total 160768K, used 135458K [0x0000000082e00000, 0x0000000100000000)
  region size 1024K, 94 young (96256K), 1 survivors (1024K)
 Metaspace       used 86911K, committed 87680K, reserved 1179648K
  class space    used 11297K, committed 11648K, reserved 1048576K
}
Event: 159.742 GC heap after
{Heap after GC invocations=76 (full 0):
 garbage-first heap   total 160768K, used 41264K [0x0000000082e00000, 0x0000000100000000)
  region size 1024K, 1 young (1024K), 1 survivors (1024K)
 Metaspace       used 86911K, committed 87680K, reserved 1179648K
  class space    used 11297K, committed 11648K, reserved 1048576K
}
Event: 161.185 GC heap before
{Heap before GC invocations=76 (full 0):
 garbage-first heap   total 160768K, used 135472K [0x0000000082e00000, 0x0000000100000000)
  region size 1024K, 94 young (96256K), 1 survivors (1024K)
 Metaspace       used 86911K, committed 87680K, reserved 1179648K
  class space    used 11297K, committed 11648K, reserved 1048576K
}
Event: 161.187 GC heap after
{Heap after GC invocations=77 (full 0):
 garbage-first heap   total 160768K, used 41459K [0x0000000082e00000, 0x0000000100000000)
  region size 1024K, 1 young (1024K), 1 survivors (1024K)
 Metaspace       used 86911K, committed 87680K, reserved 1179648K
  class space    used 11297K, committed 11648K, reserved 1048576K
}
Event: 162.720 GC heap before
{Heap before GC invocations=78 (full 0):
 garbage-first heap   total 157696K, used 133619K [0x0000000082e00000, 0x0000000100000000)
  region size 1024K, 92 young (94208K), 1 survivors (1024K)
 Metaspace       used 86912K, committed 87680K, reserved 1179648K
  class space    used 11297K, committed 11648K, reserved 1048576K
}
Event: 162.722 GC heap after
{Heap after GC invocations=79 (full 0):
 garbage-first heap   total 157696K, used 41303K [0x0000000082e00000, 0x0000000100000000)
  region size 1024K, 1 young (1024K), 1 survivors (1024K)
 Metaspace       used 86912K, committed 87680K, reserved 1179648K
  class space    used 11297K, committed 11648K, reserved 1048576K
}
Event: 162.771 GC heap before
{Heap before GC invocations=79 (full 0):
 garbage-first heap   total 157696K, used 47447K [0x0000000082e00000, 0x0000000100000000)
  region size 1024K, 7 young (7168K), 1 survivors (1024K)
 Metaspace       used 86912K, committed 87680K, reserved 1179648K
  class space    used 11297K, committed 11648K, reserved 1048576K
}
Event: 162.773 GC heap after
{Heap after GC invocations=80 (full 0):
 garbage-first heap   total 157696K, used 41183K [0x0000000082e00000, 0x0000000100000000)
  region size 1024K, 1 young (1024K), 1 survivors (1024K)
 Metaspace       used 86912K, committed 87680K, reserved 1179648K
  class space    used 11297K, committed 11648K, reserved 1048576K
}
Event: 163.532 GC heap before
{Heap before GC invocations=80 (full 0):
 garbage-first heap   total 157696K, used 133343K [0x0000000082e00000, 0x0000000100000000)
  region size 1024K, 92 young (94208K), 1 survivors (1024K)
 Metaspace       used 86912K, committed 87680K, reserved 1179648K
  class space    used 11297K, committed 11648K, reserved 1048576K
}
Event: 163.534 GC heap after
{Heap after GC invocations=81 (full 0):
 garbage-first heap   total 157696K, used 41185K [0x0000000082e00000, 0x0000000100000000)
  region size 1024K, 1 young (1024K), 1 survivors (1024K)
 Metaspace       used 86912K, committed 87680K, reserved 1179648K
  class space    used 11297K, committed 11648K, reserved 1048576K
}
Event: 164.268 GC heap before
{Heap before GC invocations=81 (full 0):
 garbage-first heap   total 157696K, used 133345K [0x0000000082e00000, 0x0000000100000000)
  region size 1024K, 92 young (94208K), 1 survivors (1024K)
 Metaspace       used 86912K, committed 87680K, reserved 1179648K
  class space    used 11297K, committed 11648K, reserved 1048576K
}
Event: 164.270 GC heap after
{Heap after GC invocations=82 (full 0):
 garbage-first heap   total 157696K, used 41334K [0x0000000082e00000, 0x0000000100000000)
  region size 1024K, 1 young (1024K), 1 survivors (1024K)
 Metaspace       used 86912K, committed 87680K, reserved 1179648K
  class space    used 11297K, committed 11648K, reserved 1048576K
}
Event: 165.053 GC heap before
{Heap before GC invocations=82 (full 0):
 garbage-first heap   total 157696K, used 133494K [0x0000000082e00000, 0x0000000100000000)
  region size 1024K, 92 young (94208K), 1 survivors (1024K)
 Metaspace       used 86912K, committed 87680K, reserved 1179648K
  class space    used 11297K, committed 11648K, reserved 1048576K
}
Event: 165.054 GC heap after
{Heap after GC invocations=83 (full 0):
 garbage-first heap   total 157696K, used 41456K [0x0000000082e00000, 0x0000000100000000)
  region size 1024K, 1 young (1024K), 1 survivors (1024K)
 Metaspace       used 86912K, committed 87680K, reserved 1179648K
  class space    used 11297K, committed 11648K, reserved 1048576K
}

Dll operation events (14 events):
Event: 0.044 Loaded shared library C:\Program Files\Java\jdk-19\bin\java.dll
Event: 0.068 Loaded shared library C:\Program Files\Java\jdk-19\bin\jsvml.dll
Event: 0.350 Loaded shared library C:\Program Files\Java\jdk-19\bin\zip.dll
Event: 0.358 Loaded shared library C:\Program Files\Java\jdk-19\bin\instrument.dll
Event: 0.578 Loaded shared library C:\Program Files\Java\jdk-19\bin\net.dll
Event: 0.584 Loaded shared library C:\Program Files\Java\jdk-19\bin\nio.dll
Event: 0.592 Loaded shared library C:\Program Files\Java\jdk-19\bin\zip.dll
Event: 4.211 Loaded shared library C:\Program Files\JetBrains\IntelliJ IDEA Community Edition 2023.2.2\bin\breakgen64.dll
Event: 4.243 Loaded shared library C:\Program Files\Java\jdk-19\bin\extnet.dll
Event: 4.741 Loaded shared library C:\Program Files\Java\jdk-19\bin\jimage.dll
Event: 5.789 Loaded shared library C:\Program Files\Java\jdk-19\bin\management.dll
Event: 5.797 Loaded shared library C:\Program Files\Java\jdk-19\bin\management_ext.dll
Event: 10.032 Loaded shared library C:\Program Files\Java\jdk-19\bin\sunmscapi.dll
Event: 16.746 Loaded shared library C:\Program Files\Java\jdk-19\bin\verify.dll

Deoptimization events (20 events):
Event: 165.084 Thread 0x000001dd12b09aa0 Uncommon trap: trap_request=0xffffff45 fr.pc=0x000001dd08437804 relative=0x0000000000004ca4
Event: 165.084 Thread 0x000001dd12b09aa0 Uncommon trap: reason=unstable_if action=reinterpret pc=0x000001dd08437804 method=org.apache.catalina.core.StandardHostValve.status(Lorg/apache/catalina/connector/Request;Lorg/apache/catalina/connector/Response;)V @ 162 c2
Event: 165.084 Thread 0x000001dd12b09aa0 DEOPT PACKING pc=0x000001dd08437804 sp=0x00000047ccaff340
Event: 165.084 Thread 0x000001dd12b09aa0 DEOPT UNPACKING pc=0x000001dd07596da3 sp=0x00000047ccaff2a0 mode 2
Event: 165.084 Thread 0x000001dd12b09aa0 Uncommon trap: trap_request=0xffffff45 fr.pc=0x000001dd08497bfc relative=0x00000000000013fc
Event: 165.084 Thread 0x000001dd12b09aa0 Uncommon trap: reason=unstable_if action=reinterpret pc=0x000001dd08497bfc method=org.apache.catalina.valves.ErrorReportValve.invoke(Lorg/apache/catalina/connector/Request;Lorg/apache/catalina/connector/Response;)V @ 22 c2
Event: 165.084 Thread 0x000001dd12b09aa0 DEOPT PACKING pc=0x000001dd08497bfc sp=0x00000047ccaff410
Event: 165.084 Thread 0x000001dd12b09aa0 DEOPT UNPACKING pc=0x000001dd07596da3 sp=0x00000047ccaff298 mode 2
Event: 165.084 Thread 0x000001dd12b09aa0 Uncommon trap: trap_request=0xffffff45 fr.pc=0x000001dd08163a24 relative=0x0000000000002464
Event: 165.084 Thread 0x000001dd12b09aa0 Uncommon trap: reason=unstable_if action=reinterpret pc=0x000001dd08163a24 method=org.apache.tomcat.util.net.SocketBufferHandler.setWriteBufferConfiguredForWrite(Z)V @ 21 c2
Event: 165.084 Thread 0x000001dd12b09aa0 DEOPT PACKING pc=0x000001dd08163a24 sp=0x00000047ccaff190
Event: 165.084 Thread 0x000001dd12b09aa0 DEOPT UNPACKING pc=0x000001dd07596da3 sp=0x00000047ccaff110 mode 2
Event: 165.085 Thread 0x000001dd12b09aa0 Uncommon trap: trap_request=0xffffff45 fr.pc=0x000001dd08417df8 relative=0x0000000000003a58
Event: 165.085 Thread 0x000001dd12b09aa0 Uncommon trap: reason=unstable_if action=reinterpret pc=0x000001dd08417df8 method=org.apache.coyote.http11.Http11Processor.endRequest()V @ 7 c2
Event: 165.085 Thread 0x000001dd12b09aa0 DEOPT PACKING pc=0x000001dd08417df8 sp=0x00000047ccaff4b0
Event: 165.085 Thread 0x000001dd12b09aa0 DEOPT UNPACKING pc=0x000001dd07596da3 sp=0x00000047ccaff438 mode 2
Event: 165.085 Thread 0x000001dd12b09aa0 Uncommon trap: trap_request=0xffffff45 fr.pc=0x000001dd083b290c relative=0x000000000000178c
Event: 165.085 Thread 0x000001dd12b09aa0 Uncommon trap: reason=unstable_if action=reinterpret pc=0x000001dd083b290c method=org.apache.coyote.http11.Http11InputBuffer.recycle()V @ 19 c2
Event: 165.085 Thread 0x000001dd12b09aa0 DEOPT PACKING pc=0x000001dd083b290c sp=0x00000047ccaff4f0
Event: 165.085 Thread 0x000001dd12b09aa0 DEOPT UNPACKING pc=0x000001dd07596da3 sp=0x00000047ccaff410 mode 2

Classes loaded (20 events):
Event: 77.309 Loading class java/util/function/IntBinaryOperator
Event: 77.309 Loading class java/util/function/IntBinaryOperator done
Event: 77.310 Loading class java/util/stream/ReduceOps$7
Event: 77.313 Loading class java/util/stream/ReduceOps$7 done
Event: 77.314 Loading class java/util/stream/ReduceOps$6ReducingSink
Event: 77.315 Loading class java/util/stream/ReduceOps$6ReducingSink done
Event: 77.315 Loading class java/util/stream/ReferencePipeline$4$1
Event: 77.315 Loading class java/util/stream/ReferencePipeline$4$1 done
Event: 77.353 Loading class java/io/PrintWriter$1
Event: 77.353 Loading class jdk/internal/access/JavaIOPrintWriterAccess
Event: 77.354 Loading class jdk/internal/access/JavaIOPrintWriterAccess done
Event: 77.354 Loading class java/io/PrintWriter$1 done
Event: 77.354 Loading class java/lang/Throwable$WrappedPrintWriter
Event: 77.354 Loading class java/lang/Throwable$PrintStreamOrWriter
Event: 77.355 Loading class java/lang/Throwable$PrintStreamOrWriter done
Event: 77.355 Loading class java/lang/Throwable$WrappedPrintWriter done
Event: 77.690 Loading class java/util/concurrent/atomic/Striped64$Cell
Event: 77.691 Loading class java/util/concurrent/atomic/Striped64$Cell done
Event: 96.983 Loading class sun/util/locale/LocaleExtensions
Event: 96.986 Loading class sun/util/locale/LocaleExtensions done

Classes unloaded (7 events):
Event: 99.470 Thread 0x000001dd7a27dab0 Unloading class 0x0000000801b57000 'java/lang/invoke/LambdaForm$MH+0x0000000801b57000'
Event: 99.470 Thread 0x000001dd7a27dab0 Unloading class 0x0000000801b56400 'java/lang/invoke/LambdaForm$MH+0x0000000801b56400'
Event: 99.470 Thread 0x000001dd7a27dab0 Unloading class 0x0000000801b55c00 'java/lang/invoke/LambdaForm$BMH+0x0000000801b55c00'
Event: 99.470 Thread 0x000001dd7a27dab0 Unloading class 0x0000000801b55400 'java/lang/invoke/LambdaForm$DMH+0x0000000801b55400'
Event: 99.470 Thread 0x000001dd7a27dab0 Unloading class 0x0000000801b54c00 'java/lang/invoke/LambdaForm$MH+0x0000000801b54c00'
Event: 99.470 Thread 0x000001dd7a27dab0 Unloading class 0x0000000801b54800 'java/lang/invoke/LambdaForm$BMH+0x0000000801b54800'
Event: 99.470 Thread 0x000001dd7a27dab0 Unloading class 0x0000000801b48c00 'java/lang/invoke/LambdaForm$DMH+0x0000000801b48c00'

Classes redefined (0 events):
No events

Internal exceptions (20 events):
Event: 65.943 Thread 0x000001dd12b03060 Exception <a 'java/lang/IncompatibleClassChangeError'{0x000000008c55e990}: Found class java.lang.Object, but interface was expected> (0x000000008c55e990) 
thrown [s\open\src\hotspot\share\interpreter\linkResolver.cpp, line 841]
Event: 69.823 Thread 0x000001dd12b05040 Exception <a 'java/lang/NoSuchMethodError'{0x000000008c4d9af0}: 'java.lang.Object java.lang.invoke.DirectMethodHandle$Holder.invokeInterface(java.lang.Object, java.lang.Object, java.lang.Object, java.lang.Object, java.lang.Object)'> (0x000000008c4d9af0) 
thrown [s\open\src\hotspot\share\interpreter\linkResolver.cpp, line 774]
Event: 76.985 Thread 0x000001dd12b08010 Exception <a 'java/lang/NoSuchMethodError'{0x000000008c1e92f8}: 'double java.lang.invoke.DelegatingMethodHandle$Holder.reinvoke_L(java.lang.Object, java.lang.Object)'> (0x000000008c1e92f8) 
thrown [s\open\src\hotspot\share\interpreter\linkResolver.cpp, line 774]
Event: 76.985 Thread 0x000001dd12b02b10 Exception <a 'java/lang/NoSuchMethodError'{0x000000008c1ea630}: 'double java.lang.invoke.DelegatingMethodHandle$Holder.reinvoke_L(java.lang.Object, java.lang.Object)'> (0x000000008c1ea630) 
thrown [s\open\src\hotspot\share\interpreter\linkResolver.cpp, line 774]
Event: 76.988 Thread 0x000001dd12b02b10 Exception <a 'java/lang/NoSuchMethodError'{0x000000008c000b18}: 'void java.lang.invoke.DelegatingMethodHandle$Holder.reinvoke_L(java.lang.Object, java.lang.Object, double)'> (0x000000008c000b18) 
thrown [s\open\src\hotspot\share\interpreter\linkResolver.cpp, line 774]
Event: 76.988 Thread 0x000001dd12b08010 Exception <a 'java/lang/NoSuchMethodError'{0x000000008c006a38}: 'void java.lang.invoke.DelegatingMethodHandle$Holder.reinvoke_L(java.lang.Object, java.lang.Object, double)'> (0x000000008c006a38) 
thrown [s\open\src\hotspot\share\interpreter\linkResolver.cpp, line 774]
Event: 77.057 Thread 0x000001dd12b08010 Exception <a 'java/lang/NoSuchMethodError'{0x000000008c0c1078}: 'double java.lang.invoke.Invokers$Holder.invokeExact_MT(java.lang.Object, java.lang.Object, java.lang.Object)'> (0x000000008c0c1078) 
thrown [s\open\src\hotspot\share\interpreter\linkResolver.cpp, line 774]
Event: 77.086 Thread 0x000001dd12b02b10 Exception <a 'java/lang/NoSuchMethodError'{0x000000008bf71860}: 'int java.lang.invoke.DirectMethodHandle$Holder.invokeStatic(java.lang.Object, java.lang.Object, int, int)'> (0x000000008bf71860) 
thrown [s\open\src\hotspot\share\interpreter\linkResolver.cpp, line 774]
Event: 77.168 Thread 0x000001dd12b08010 Exception <a 'java/lang/NoSuchMethodError'{0x000000008be32978}: 'double java.lang.invoke.DirectMethodHandle$Holder.invokeVirtual(java.lang.Object, java.lang.Object)'> (0x000000008be32978) 
thrown [s\open\src\hotspot\share\interpreter\linkResolver.cpp, line 774]
Event: 79.555 Thread 0x000001dd12b05ae0 Implicit null exception at 0x000001dd07cab07b to 0x000001dd07cab0f4
Event: 163.134 Thread 0x000001dd12b05040 Exception <a 'java/net/SocketException'{0x000000008a22b308}: Connection reset by peer: shutdown> (0x000000008a22b308) 
thrown [s\open\src\hotspot\share\prims\jni.cpp, line 536]
Event: 165.057 Thread 0x000001dd12b09aa0 Exception <a 'java/io/IOException'{0x000000008ccaf3f8}> (0x000000008ccaf3f8) 
thrown [s\open\src\hotspot\share\prims\jni.cpp, line 517]
Event: 165.060 Thread 0x000001dd12b09aa0 Implicit null exception at 0x000001dd0822607b to 0x000001dd082263a8
Event: 165.067 Thread 0x000001dd12b02b10 Implicit null exception at 0x000001dd08414506 to 0x000001dd084199b8
Event: 165.068 Thread 0x000001dd12b02b10 Implicit null exception at 0x000001dd08496852 to 0x000001dd08497f2c
Event: 165.068 Thread 0x000001dd12b02b10 Implicit null exception at 0x000001dd085400a7 to 0x000001dd08543474
Event: 165.068 Thread 0x000001dd12b02b10 Implicit null exception at 0x000001dd08555695 to 0x000001dd08555d10
Event: 165.069 Thread 0x000001dd12b02b10 Implicit null exception at 0x000001dd082328a7 to 0x000001dd08234c30
Event: 165.082 Thread 0x000001dd12b09aa0 Implicit null exception at 0x000001dd084a50bd to 0x000001dd084a5498
Event: 165.084 Thread 0x000001dd12b09aa0 Exception <a 'java/io/IOException'{0x000000008c7c3810}> (0x000000008c7c3810) 
thrown [s\open\src\hotspot\share\prims\jni.cpp, line 517]

VM Operations (20 events):
Event: 159.739 Executing VM operation: G1CollectForAllocation
Event: 159.742 Executing VM operation: G1CollectForAllocation done
Event: 161.185 Executing VM operation: G1CollectForAllocation
Event: 161.190 Executing VM operation: G1CollectForAllocation done
Event: 161.275 Executing VM operation: G1PauseRemark
Event: 161.281 Executing VM operation: G1PauseRemark done
Event: 161.318 Executing VM operation: G1PauseCleanup
Event: 161.318 Executing VM operation: G1PauseCleanup done
Event: 162.327 Executing VM operation: Cleanup
Event: 162.328 Executing VM operation: Cleanup done
Event: 162.720 Executing VM operation: G1CollectForAllocation
Event: 162.723 Executing VM operation: G1CollectForAllocation done
Event: 162.771 Executing VM operation: G1CollectForAllocation
Event: 162.773 Executing VM operation: G1CollectForAllocation done
Event: 163.532 Executing VM operation: G1CollectForAllocation
Event: 163.534 Executing VM operation: G1CollectForAllocation done
Event: 164.263 Executing VM operation: G1CollectForAllocation
Event: 164.270 Executing VM operation: G1CollectForAllocation done
Event: 165.052 Executing VM operation: G1CollectForAllocation
Event: 165.054 Executing VM operation: G1CollectForAllocation done

Events (20 events):
Event: 153.264 Thread 0x000001dd7a2c70f0 flushing nmethod 0x000001dd0167c210
Event: 153.264 Thread 0x000001dd7a2c70f0 flushing nmethod 0x000001dd0168cb90
Event: 153.264 Thread 0x000001dd7a2c70f0 flushing nmethod 0x000001dd0168f610
Event: 153.264 Thread 0x000001dd7a2c70f0 flushing nmethod 0x000001dd01690b10
Event: 153.264 Thread 0x000001dd7a2c70f0 flushing nmethod 0x000001dd01693b90
Event: 153.264 Thread 0x000001dd7a2c70f0 flushing nmethod 0x000001dd01695610
Event: 153.264 Thread 0x000001dd7a2c70f0 flushing nmethod 0x000001dd01697a90
Event: 153.264 Thread 0x000001dd7a2c70f0 flushing nmethod 0x000001dd016b8690
Event: 153.264 Thread 0x000001dd7a2c70f0 flushing nmethod 0x000001dd016b8f90
Event: 153.264 Thread 0x000001dd7a2c70f0 flushing nmethod 0x000001dd016d8a10
Event: 153.264 Thread 0x000001dd7a2c70f0 flushing nmethod 0x000001dd016e1410
Event: 153.264 Thread 0x000001dd7a2c70f0 flushing nmethod 0x000001dd016e6510
Event: 153.264 Thread 0x000001dd7a2c70f0 flushing nmethod 0x000001dd016f4d10
Event: 153.264 Thread 0x000001dd7a2c70f0 flushing nmethod 0x000001dd016f5090
Event: 153.264 Thread 0x000001dd7a2c70f0 flushing nmethod 0x000001dd016f5710
Event: 153.265 Thread 0x000001dd7a2c70f0 flushing nmethod 0x000001dd016f9e90
Event: 153.265 Thread 0x000001dd7a2c70f0 flushing nmethod 0x000001dd01709110
Event: 153.265 Thread 0x000001dd7a2c70f0 flushing nmethod 0x000001dd01725a10
Event: 153.265 Thread 0x000001dd7a2c70f0 flushing nmethod 0x000001dd0172ce90
Event: 153.265 Thread 0x000001dd7a2c70f0 flushing nmethod 0x000001dd01732590


Dynamic libraries:
0x00007ff611770000 - 0x00007ff611780000 	C:\Program Files\Java\jdk-19\bin\java.exe
0x00007ffa30570000 - 0x00007ffa30786000 	C:\WINDOWS\SYSTEM32\ntdll.dll
0x00007ffa2ea10000 - 0x00007ffa2ead4000 	C:\WINDOWS\System32\KERNEL32.DLL
0x00007ffa2dec0000 - 0x00007ffa2e267000 	C:\WINDOWS\System32\KERNELBASE.dll
0x00007ffa2dd30000 - 0x00007ffa2de41000 	C:\WINDOWS\System32\ucrtbase.dll
0x00007ffa14b70000 - 0x00007ffa14b8b000 	C:\Program Files\Java\jdk-19\bin\VCRUNTIME140.dll
0x00007ffa16970000 - 0x00007ffa16988000 	C:\Program Files\Java\jdk-19\bin\jli.dll
0x00007ffa2ee70000 - 0x00007ffa2ef22000 	C:\WINDOWS\System32\ADVAPI32.dll
0x00007ffa2e950000 - 0x00007ffa2e9f7000 	C:\WINDOWS\System32\msvcrt.dll
0x00007ffa2ef30000 - 0x00007ffa2efd8000 	C:\WINDOWS\System32\sechost.dll
0x00007ffa2e270000 - 0x00007ffa2e298000 	C:\WINDOWS\System32\bcrypt.dll
0x00007ffa30150000 - 0x00007ffa30265000 	C:\WINDOWS\System32\RPCRT4.dll
0x00007ffa2f040000 - 0x00007ffa2f1ee000 	C:\WINDOWS\System32\USER32.dll
0x00007ffa2dc80000 - 0x00007ffa2dca6000 	C:\WINDOWS\System32\win32u.dll
0x00007ffa19e30000 - 0x00007ffa1a0c3000 	C:\WINDOWS\WinSxS\amd64_microsoft.windows.common-controls_6595b64144ccf1df_6.0.22621.3235_none_270f74e173860f98\COMCTL32.dll
0x00007ffa2fe30000 - 0x00007ffa2fe59000 	C:\WINDOWS\System32\GDI32.dll
0x00007ffa2da00000 - 0x00007ffa2db19000 	C:\WINDOWS\System32\gdi32full.dll
0x00007ffa2db20000 - 0x00007ffa2dbba000 	C:\WINDOWS\System32\msvcp_win.dll
0x00007ffa24140000 - 0x00007ffa2414a000 	C:\WINDOWS\SYSTEM32\VERSION.dll
0x00007ffa2fdf0000 - 0x00007ffa2fe21000 	C:\WINDOWS\System32\IMM32.DLL
0x00007ffa16e10000 - 0x00007ffa16e1c000 	C:\Program Files\Java\jdk-19\bin\vcruntime140_1.dll
0x00007ff9d56c0000 - 0x00007ff9d574e000 	C:\Program Files\Java\jdk-19\bin\msvcp140.dll
0x00007ff961600000 - 0x00007ff9622c0000 	C:\Program Files\Java\jdk-19\bin\server\jvm.dll
0x00007ffa27a60000 - 0x00007ffa27a69000 	C:\WINDOWS\SYSTEM32\WSOCK32.dll
0x00007ffa257d0000 - 0x00007ffa25804000 	C:\WINDOWS\SYSTEM32\WINMM.dll
0x00007ffa2f1f0000 - 0x00007ffa2f261000 	C:\WINDOWS\System32\WS2_32.dll
0x00007ffa2c8d0000 - 0x00007ffa2c8e8000 	C:\WINDOWS\SYSTEM32\kernel.appcore.dll
0x00007ffa16ca0000 - 0x00007ffa16caa000 	C:\Program Files\Java\jdk-19\bin\jimage.dll
0x00007ffa1d0d0000 - 0x00007ffa1d303000 	C:\WINDOWS\SYSTEM32\DBGHELP.DLL
0x00007ffa2eae0000 - 0x00007ffa2ee68000 	C:\WINDOWS\System32\combase.dll
0x00007ffa30270000 - 0x00007ffa30347000 	C:\WINDOWS\System32\OLEAUT32.dll
0x00007ffa12cf0000 - 0x00007ffa12d22000 	C:\WINDOWS\SYSTEM32\dbgcore.DLL
0x00007ffa2dcb0000 - 0x00007ffa2dd29000 	C:\WINDOWS\System32\bcryptPrimitives.dll
0x00007ffa17810000 - 0x00007ffa1781e000 	C:\Program Files\Java\jdk-19\bin\instrument.dll
0x00007ffa04f50000 - 0x00007ffa04f76000 	C:\Program Files\Java\jdk-19\bin\java.dll
0x00007ff9cdfd0000 - 0x00007ff9ce0a7000 	C:\Program Files\Java\jdk-19\bin\jsvml.dll
0x00007ffa2f340000 - 0x00007ffa2fb9c000 	C:\WINDOWS\System32\SHELL32.dll
0x00007ffa2b7f0000 - 0x00007ffa2c0e9000 	C:\WINDOWS\SYSTEM32\windows.storage.dll
0x00007ffa2b6b0000 - 0x00007ffa2b7ee000 	C:\WINDOWS\SYSTEM32\wintypes.dll
0x00007ffa2e2a0000 - 0x00007ffa2e393000 	C:\WINDOWS\System32\SHCORE.dll
0x00007ffa2efe0000 - 0x00007ffa2f03e000 	C:\WINDOWS\System32\shlwapi.dll
0x00007ffa2d7c0000 - 0x00007ffa2d7e1000 	C:\WINDOWS\SYSTEM32\profapi.dll
0x00007ffa04e90000 - 0x00007ffa04ea8000 	C:\Program Files\Java\jdk-19\bin\zip.dll
0x00007ffa05640000 - 0x00007ffa05653000 	C:\Program Files\Java\jdk-19\bin\net.dll
0x00007ffa26190000 - 0x00007ffa262c6000 	C:\WINDOWS\SYSTEM32\WINHTTP.dll
0x00007ffa2cd40000 - 0x00007ffa2cda9000 	C:\WINDOWS\system32\mswsock.dll
0x00007ffa05580000 - 0x00007ffa05596000 	C:\Program Files\Java\jdk-19\bin\nio.dll
0x00007ffa04d20000 - 0x00007ffa04d3a000 	C:\Program Files\JetBrains\IntelliJ IDEA Community Edition 2023.2.2\bin\breakgen64.dll
0x00007ffa166b0000 - 0x00007ffa166b8000 	C:\Program Files\Java\jdk-19\bin\extnet.dll
0x00007ffa17800000 - 0x00007ffa1780a000 	C:\Program Files\Java\jdk-19\bin\management.dll
0x00007ffa17290000 - 0x00007ffa1729b000 	C:\Program Files\Java\jdk-19\bin\management_ext.dll
0x00007ffa2ea00000 - 0x00007ffa2ea08000 	C:\WINDOWS\System32\PSAPI.DLL
0x00007ffa17280000 - 0x00007ffa1728e000 	C:\Program Files\Java\jdk-19\bin\sunmscapi.dll
0x00007ffa2d890000 - 0x00007ffa2d9f7000 	C:\WINDOWS\System32\CRYPT32.dll
0x00007ffa2d140000 - 0x00007ffa2d16e000 	C:\WINDOWS\SYSTEM32\ncrypt.dll
0x00007ffa2d100000 - 0x00007ffa2d137000 	C:\WINDOWS\SYSTEM32\NTASN1.dll
0x00007ffa2cfa0000 - 0x00007ffa2cfbb000 	C:\WINDOWS\SYSTEM32\CRYPTSP.dll
0x00007ffa2c830000 - 0x00007ffa2c865000 	C:\WINDOWS\system32\rsaenh.dll
0x00007ffa2ce40000 - 0x00007ffa2ce68000 	C:\WINDOWS\SYSTEM32\USERENV.dll
0x00007ffa2cfc0000 - 0x00007ffa2cfcc000 	C:\WINDOWS\SYSTEM32\CRYPTBASE.dll
0x00007ffa2c350000 - 0x00007ffa2c37d000 	C:\WINDOWS\SYSTEM32\IPHLPAPI.DLL
0x00007ffa2fe60000 - 0x00007ffa2fe69000 	C:\WINDOWS\System32\NSI.dll
0x00007ffa25670000 - 0x00007ffa25689000 	C:\WINDOWS\SYSTEM32\dhcpcsvc6.DLL
0x00007ffa25650000 - 0x00007ffa2566f000 	C:\WINDOWS\SYSTEM32\dhcpcsvc.DLL
0x00007ffa2c380000 - 0x00007ffa2c479000 	C:\WINDOWS\SYSTEM32\DNSAPI.dll
0x00007ffa157d0000 - 0x00007ffa157e0000 	C:\Program Files\Java\jdk-19\bin\verify.dll
0x00007ffa23d20000 - 0x00007ffa23d2a000 	C:\Windows\System32\rasadhlp.dll
0x00007ffa24300000 - 0x00007ffa24383000 	C:\WINDOWS\System32\fwpuclnt.dll
0x00007ffa17060000 - 0x00007ffa17068000 	C:\WINDOWS\system32\wshunix.dll

dbghelp: loaded successfully - version: 4.0.5 - missing functions: none
symbol engine: initialized successfully - sym options: 0x614 - pdb path: .;C:\Program Files\Java\jdk-19\bin;C:\WINDOWS\SYSTEM32;C:\WINDOWS\WinSxS\amd64_microsoft.windows.common-controls_6595b64144ccf1df_6.0.22621.3235_none_270f74e173860f98;C:\Program Files\Java\jdk-19\bin\server;C:\Program Files\JetBrains\IntelliJ IDEA Community Edition 2023.2.2\bin

VM Arguments:
jvm_args: -javaagent:C:\Program Files\JetBrains\IntelliJ IDEA Community Edition 2023.2.2\lib\idea_rt.jar=52160:C:\Program Files\JetBrains\IntelliJ IDEA Community Edition 2023.2.2\bin -Dfile.encoding=UTF-8 -Dsun.stdout.encoding=UTF-8 -Dsun.stderr.encoding=UTF-8 
java_command: com.ajay.eommerce.EommerceApplication
java_class_path (initial): D:\eommerce\target\classes;C:\Users\Ajay shekhawat\.m2\repository\org\springframework\boot\spring-boot-starter-data-jpa\3.2.3\spring-boot-starter-data-jpa-3.2.3.jar;C:\Users\Ajay shekhawat\.m2\repository\org\springframework\boot\spring-boot-starter-aop\3.2.3\spring-boot-starter-aop-3.2.3.jar;C:\Users\Ajay shekhawat\.m2\repository\org\aspectj\aspectjweaver\1.9.21\aspectjweaver-1.9.21.jar;C:\Users\Ajay shekhawat\.m2\repository\org\springframework\boot\spring-boot-starter-jdbc\3.2.3\spring-boot-starter-jdbc-3.2.3.jar;C:\Users\Ajay shekhawat\.m2\repository\com\zaxxer\HikariCP\5.0.1\HikariCP-5.0.1.jar;C:\Users\Ajay shekhawat\.m2\repository\org\springframework\spring-jdbc\6.1.4\spring-jdbc-6.1.4.jar;C:\Users\Ajay shekhawat\.m2\repository\org\hibernate\orm\hibernate-core\6.4.4.Final\hibernate-core-6.4.4.Final.jar;C:\Users\Ajay shekhawat\.m2\repository\jakarta\persistence\jakarta.persistence-api\3.1.0\jakarta.persistence-api-3.1.0.jar;C:\Users\Ajay shekhawat\.m2\repository\jakarta\transaction\jakarta.transaction-api\2.0.1\jakarta.transaction-api-2.0.1.jar;C:\Users\Ajay shekhawat\.m2\repository\org\jboss\logging\jboss-logging\3.5.3.Final\jboss-logging-3.5.3.Final.jar;C:\Users\Ajay shekhawat\.m2\repository\org\hibernate\common\hibernate-commons-annotations\6.0.6.Final\hibernate-commons-annotations-6.0.6.Final.jar;C:\Users\Ajay shekhawat\.m2\repository\io\smallrye\jandex\3.1.2\jandex-3.1.2.jar;C:\Users\Ajay shekhawat\.m2\repository\com\fasterxml\classmate\1.6.0\classmate-1.6.0.jar;C:\Users\Ajay shekhawat\.m2\repository\net\bytebuddy\byte-buddy\1.14.12\byte-buddy-1.14.12.jar;C:\Users\Ajay shekhawat\.m2\repository\org\glassfish\jaxb\jaxb-runtime\4.0.4\jaxb-runtime-4.0.4.jar;C:\Users\Ajay shekhawat\.m2\repository\org\glassfish\jaxb\jaxb-core\4.0.4\jaxb-core-4.0.4.jar;C:\Users\Ajay shekhawat\.m2\repository\org\eclipse\angus\angus-activation\2.0.1\angus-activation-2.0.1.jar;C:\Users\Ajay shekhawat\.m2\repository\org\glassfish\jaxb\txw2\4.0.4\txw2-4.0.4.jar;C:\Users\Ajay shekhawat\.m2\repository\com\sun\istack\istack-commons-runtime\4.1.2\istack-commons-runtime-4.1.2.jar;C:\Users\Ajay shekhawat\.m2\repository\jakarta\inject\jakarta.inject-api\2.0.1\jakarta.inject-api-2.0.1.jar;C:\Users\Ajay shekhawat\.m2\repository\org\antlr\antlr4-runtime\4.13.0\antlr4-runtime-4.13.0.jar;C:\Users\Ajay shekhawat\.m2\repository\org\springframework\data\spring-data-jpa\3.2.3\spring-data-jpa-3.2.3.jar;C:\Users\Ajay shekhawat\.m2\repository\org\springframework\data\spring-data-commons\3.2.3\spring-data-commons-3.2.3.jar;C:\Users\Ajay shekhawat\.m2\repository\org\springframework\spring-orm\6.1.4\spring-orm-6.1.4.jar;C:\Users\Ajay shekhawat\.m2\repository\org\springframework\spring-context\6.1.4\spring-context-6.1.4.jar;C:\Users\Ajay shekhawat\.m2\repository\org\springframework\spring-tx\6.1.4\spring-tx-6.1.4.jar;C:\Users\Ajay shekhawat\.m2\repository\org\springframework\spring-beans\6.1.4\spring-beans-6.1.4.jar;C:\Users\Ajay shekhawat\.m2\repository\jakarta\annotation\jakarta.annotation-api\2.1.1\jakarta.annotation-api-2.1.1.jar;C:\Users\Ajay shekhawat\.m2\repository\org\slf4j\slf4j-api\2.0.12\slf4j-api-2.0.12.jar;C:\Users\Ajay shekhawat\.m2\repository\org\springframework\spring-aspects\6.1.4\spring-aspects-6.1.4.jar;C:\Users\Ajay shekhawat\.m2\repository\org\springframework\boot\spring-boot-starter-security\3.2.3\spring-boot-starter-security-3.2.3.jar;C:\Users\Ajay shekhawat\.m2\repository\org\springframework\boot\spring-boot-starter\3.2.3\spring-boot-starter-3.2.3.jar;C:\Users\Ajay shekhawat\.m2\repository\org\springframework\boot\spring-boot-starter-logging\3.2.3\spring-boot-starter-logging-3.2.3.jar;C:\Users\Ajay shekhawat\.m2\repository\ch\qos\logback\logback-classic\1.4.14\logback-classic-1.4.14.jar;C:\Users\Ajay shekhawat\.m2\repository\ch\qos\logback\logback-core\1.4.14\logback-core-1.4.14.jar;C:\Users\Ajay shekhawat\.m2\repository\org\apache\logging\log4j\log4j-to-slf4j\2.21.1\log4j-to-slf4j-2.21.1.jar;C:\Users\Ajay shekhawat\.m2\repository\org\apache\logging\log4j\log4j-api\2.21.1\log4j-api-2.21.1.jar;C:\Users\Ajay shekhawat\.m2\repository\org\slf4j\jul-to-slf4j\2.0.12\jul-to-slf4j-2.0.12.jar;C:\Users\Ajay shekhawat\.m2\repository\org\yaml\snakeyaml\2.2\snakeyaml-2.2.jar;C:\Users\Ajay shekhawat\.m2\repository\org\springframework\spring-aop\6.1.4\spring-aop-6.1.4.jar;C:\Users\Ajay shekhawat\.m2\repository\org\springframework\security\spring-security-config\6.2.2\spring-security-config-6.2.2.jar;C:\Users\Ajay shekhawat\.m2\repository\org\springframework\security\spring-security-web\6.2.2\spring-security-web-6.2.2.jar;C:\Users\Ajay shekhawat\.m2\repository\org\springframework\spring-expression\6.1.4\spring-expression-6.1.4.jar;C:\Users\Ajay shekhawat\.m2\repository\org\springframework\boot\spring-boot-starter-validation\3.2.3\spring-boot-starter-validation-3.2.3.jar;C:\Users\Ajay shekhawat\.m2\repository\org\apache\tomcat\embed\tomcat-embed-el\10.1.19\tomcat-embed-el-10.1.19.jar;C:\Users\Ajay shekhawat\.m2\repository\org\hibernate\validator\hibernate-validator\8.0.1.Final\hibernate-validator-8.0.1.Final.jar;C:\Users\Ajay shekhawat\.m2\repository\jakarta\validation\jakarta.validation-api\3.0.2\jakarta.validation-api-3.0.2.jar;C:\Users\Ajay shekhawat\.m2\repository\org\springframework\boot\spring-boot-starter-web\3.2.3\spring-boot-starter-web-3.2.3.jar;C:\Users\Ajay shekhawat\.m2\repository\org\springframework\boot\spring-boot-starter-json\3.2.3\spring-boot-starter-json-3.2.3.jar;C:\Users\Ajay shekhawat\.m2\repository\com\fasterxml\jackson\datatype\jackson-datatype-jdk8\2.15.4\jackson-datatype-jdk8-2.15.4.jar;C:\Users\Ajay shekhawat\.m2\repository\com\fasterxml\jackson\datatype\jackson-datatype-jsr310\2.15.4\jackson-datatype-jsr310-2.15.4.jar;C:\Users\Ajay shekhawat\.m2\repository\com\fasterxml\jackson\module\jackson-module-parameter-names\2.15.4\jackson-module-parameter-names-2.15.4.jar;C:\Users\Ajay shekhawat\.m2\repository\org\springframework\boot\spring-boot-starter-tomcat\3.2.3\spring-boot-starter-tomcat-3.2.3.jar;C:\Users\Ajay shekhawat\.m2\repository\org\apache\tomcat\embed\tomcat-embed-core\10.1.19\tomcat-embed-core-10.1.19.jar;C:\Users\Ajay shekhawat\.m2\repository\org\apache\tomcat\embed\tomcat-embed-websocket\10.1.19\tomcat-embed-websocket-10.1.19.jar;C:\Users\Ajay shekhawat\.m2\repository\org\springframework\spring-web\6.1.4\spring-web-6.1.4.jar;C:\Users\Ajay shekhawat\.m2\repository\io\micrometer\micrometer-observation\1.12.3\micrometer-observation-1.12.3.jar;C:\Users\Ajay shekhawat\.m2\repository\io\micrometer\micrometer-commons\1.12.3\micrometer-commons-1.12.3.jar;C:\Users\Ajay shekhawat\.m2\repository\org\springframework\spring-webmvc\6.1.4\spring-webmvc-6.1.4.jar;C:\Users\Ajay shekhawat\.m2\repository\org\springframework\boot\spring-boot-devtools\3.2.3\spring-boot-devtools-3.2.3.jar;C:\Users\Ajay shekhawat\.m2\repository\org\springframework\boot\spring-boot\3.2.3\spring-boot-3.2.3.jar;C:\Users\Ajay shekhawat\.m2\repository\org\springframework\boot\spring-boot-autoconfigure\3.2.3\spring-boot-autoconfigure-3.2.3.jar;C:\Users\Ajay shekhawat\.m2\repository\com\mysql\mysql-connector-j\8.3.0\mysql-connector-j-8.3.0.jar;C:\Users\Ajay shekhawat\.m2\repository\jakarta\xml\bind\jakarta.xml.bind-api\4.0.1\jakarta.xml.bind-api-4.0.1.jar;C:\Users\Ajay shekhawat\.m2\repository\jakarta\activation\jakarta.activation-api\2.1.2\jakarta.activation-api-2.1.2.jar;C:\Users\Ajay shekhawat\.m2\repository\org\springframework\spring-core\6.1.4\spring-core-6.1.4.jar;C:\Users\Ajay shekhawat\.m2\repository\org\springframework\spring-jcl\6.1.4\spring-jcl-6.1.4.jar;C:\Users\Ajay shekhawat\.m2\repository\org\springframework\security\spring-security-core\6.2.2\spring-security-core-6.2.2.jar;C:\Users\Ajay shekhawat\.m2\repository\org\springframework\security\spring-security-crypto\6.2.2\spring-security-crypto-6.2.2.jar;C:\Users\Ajay shekhawat\.m2\repository\io\jsonwebtoken\jjwt-api\0.12.3\jjwt-api-0.12.3.jar;C:\Users\Ajay shekhawat\.m2\repository\io\jsonwebtoken\jjwt-jackson\0.12.3\jjwt-jackson-0.12.3.jar;C:\Users\Ajay shekhawat\.m2\repository\com\fasterxml\jackson\core\jackson-databind\2.15.4\jackson-databind-2.15.4.jar;C:\Users\Ajay shekhawat\.m2\repository\com\fasterxml\jackson\core\jackson-annotations\2.15.4\jackson-annotations-2.15.4.jar;C:\Users\Ajay shekhawat\.m2\repository\com\fasterxml\jackson\core\jackson-core\2.15.4\jackson-core-2.15.4.jar;C:\Users\Ajay shekhawat\.m2\repository\io\jsonwebtoken\jjwt-impl\0.12.3\jjwt-impl-0.12.3.jar
Launcher Type: SUN_STANDARD

[Global flags]
     intx CICompilerCount                          = 4                                         {product} {ergonomic}
     uint ConcGCThreads                            = 2                                         {product} {ergonomic}
     uint G1ConcRefinementThreads                  = 8                                         {product} {ergonomic}
   size_t G1HeapRegionSize                         = 1048576                                   {product} {ergonomic}
    uintx GCDrainStackTargetSize                   = 64                                        {product} {ergonomic}
   size_t InitialHeapSize                          = 132120576                                 {product} {ergonomic}
   size_t MarkStackSize                            = 4194304                                   {product} {ergonomic}
   size_t MaxHeapSize                              = 2099249152                                {product} {ergonomic}
   size_t MaxNewSize                               = 1259339776                                {product} {ergonomic}
   size_t MinHeapDeltaBytes                        = 1048576                                   {product} {ergonomic}
   size_t MinHeapSize                              = 8388608                                   {product} {ergonomic}
    uintx NonNMethodCodeHeapSize                   = 5839372                                {pd product} {ergonomic}
    uintx NonProfiledCodeHeapSize                  = 122909434                              {pd product} {ergonomic}
    uintx ProfiledCodeHeapSize                     = 122909434                              {pd product} {ergonomic}
    uintx ReservedCodeCacheSize                    = 251658240                              {pd product} {ergonomic}
     bool SegmentedCodeCache                       = true                                      {product} {ergonomic}
   size_t SoftMaxHeapSize                          = 2099249152                             {manageable} {ergonomic}
     bool UseCompressedClassPointers               = true                           {product lp64_product} {ergonomic}
     bool UseCompressedOops                        = true                           {product lp64_product} {ergonomic}
     bool UseG1GC                                  = true                                      {product} {ergonomic}
     bool UseLargePagesIndividualAllocation        = false                                  {pd product} {ergonomic}

Logging:
Log output configuration:
 #0: stdout all=warning uptime,level,tags foldmultilines=false
 #1: stderr all=off uptime,level,tags foldmultilines=false

Environment Variables:
JAVA_HOME=C:\Program Files\Java\jdk1.8.0_202
PATH=C:\Program Files\Common Files\Oracle\Java\javapath;C:\Program Files\Java\jdk1.8.0_202\bin;C:\WINDOWS\system32;C:\WINDOWS;C:\WINDOWS\System32\Wbem;C:\WINDOWS\System32\WindowsPowerShell\v1.0\;C:\WINDOWS\System32\OpenSSH\;C:\Program Files\nodejs\;C:\Program Files\Java\jdk1.8.0_202\bin;;D:\vs code\Microsoft VS Code\bin;C:\Users\Ajay shekhawat\AppData\Local\Microsoft\WindowsApps;C:\Program Files\JetBrains\IntelliJ IDEA Educational Edition 2022.2.2\bin;;C:\Program Files\JetBrains\IntelliJ IDEA Community Edition 2023.2.2\bin;;C:\Users\Ajay shekhawat\AppData\Roaming\npm
USERNAME=Ajay shekhawat
OS=Windows_NT
PROCESSOR_IDENTIFIER=AMD64 Family 23 Model 24 Stepping 1, AuthenticAMD
TMP=C:\Users\AJAYSH~1\AppData\Local\Temp
TEMP=C:\Users\AJAYSH~1\AppData\Local\Temp



---------------  S Y S T E M  ---------------

OS:
 Windows 11 , 64 bit Build 22621 (10.0.22621.3374)
OS uptime: 0 days 1:59 hours

CPU: total 8 (initial active 8) (8 cores per cpu, 2 threads per core) family 23 model 24 stepping 1 microcode 0x0, cx8, cmov, fxsr, ht, mmx, 3dnowpref, sse, sse2, sse3, ssse3, sse4a, sse4.1, sse4.2, popcnt, lzcnt, tsc, tscinvbit, avx, avx2, aes, clmul, bmi1, bmi2, adx, sha, fma, vzeroupper, clflush, clflushopt, rdtscp

Memory: 4k page, system-wide physical 8001M (336M free)
TotalPageFile size 32577M (AvailPageFile size 4M)
current process WorkingSet (physical memory assigned to process): 392M, peak: 397M
current process commit charge ("private bytes"): 439M, peak: 445M

vm_info: Java HotSpot(TM) 64-Bit Server VM (19.0.2+7-44) for windows-amd64 JRE (19.0.2+7-44), built on 2022-11-30T18:02:09Z by "mach5one" with MS VC++ 17.1 (VS2022)

END.
